#
# A fatal error has been detected by the Java Runtime Environment:
#
#  SIGSEGV (0xb) at pc=0x00007f5388796939, pid=876, tid=139996132742912
#
# JRE version: Java(TM) SE Runtime Environment (8.0_60-b27) (build 1.8.0_60-b27)
# Java VM: Java HotSpot(TM) 64-Bit Server VM (25.60-b23 mixed mode linux-amd64 compressed oops)
# Problematic frame:
# V  [libjvm.so+0x6d6939]  jni_ReleasePrimitiveArrayCritical+0x69
#
# Failed to write core dump. Core dumps have been disabled. To enable core dumping, try "ulimit -c unlimited" before starting Java again
#
# If you would like to submit a bug report, please visit:
#   http://bugreport.java.com/bugreport/crash.jsp
#

---------------  T H R E A D  ---------------

Current thread (0x00007f52d0001000):  JavaThread "qtp1149388444-30" [_thread_in_native_trans, id=936, stack(0x00007f5363b31000,0x00007f5363c32000)]

siginfo: si_signo: 11 (SIGSEGV), si_code: 0 (SI_USER)

Registers:
RAX=0x00007f5389c80100, RBX=0x00007f52d0001000, RCX=0x0000000000000000, RDX=0x00007f538906adb0
RSP=0x00007f5363c2fef0, RBP=0x00007f5363c2ff40, RSI=0x00007f5363c2ffc0, RDI=0x00007f52d00011f8
R8 =0x0000000000000001, R9 =0x0000000000000001, R10=0x0000000000008000, R11=0x00000000000006a0
R12=0x00007f52d00011f8, R13=0x00000000eb01b750, R14=0x00007f538906adc0, R15=0x00007f52d4a5aa90
RIP=0x00007f5388796939, EFLAGS=0x0000000000010206, CSGSFS=0x0000000000000033, ERR=0x0000000000000007
  TRAPNO=0x000000000000000e

Top of Stack: (sp=0x00007f5363c2fef0)
0x00007f5363c2fef0:   00007f52d7202c50 00007f5363c2ffd0
0x00007f5363c2ff00:   00007f52d0001000 00000000eb01adb8
0x00007f5363c2ff10:   00000000eb01ace8 00007f5363c2ffb0
0x00007f5363c2ff20:   00007f5363c2ffb0 00007f52d00011f8
0x00007f5363c2ff30:   00000000eb01b750 00000000eb01b050
0x00007f5363c2ff40:   00007f5363c2ffa0 00007f53871c83b3
0x00007f5363c2ff50:   00000000000006a0 00007f5363c2ffc0
0x00007f5363c2ff60:   00007f52d00008f0 00000000000002be
0x00007f5363c2ff70:   00000001000002be 00007f5363c30060
0x00007f5363c2ff80:   0000000000000000 00000000eb01ad48
0x00007f5363c2ff90:   00000000eb01ad48 00007f52d0001000
0x00007f5363c2ffa0:   00007f5363c2fff0 00007f537114d286
0x00007f5363c2ffb0:   00000000eb01ad48 00000000c0004728
0x00007f5363c2ffc0:   00000000eb01b740 00000000eb01b040
0x00007f5363c2ffd0:   0000000000000001 00007f5371209be8
0x00007f5363c2ffe0:   00000000c0004398 00000001000016d0
0x00007f5363c2fff0:   00000000000002be 00007f53711455f8
0x00007f5363c30000:   0000000100042740 00000000eb01b740
0x00007f5363c30010:   000006a000000000 0000000000000007
0x00007f5363c30020:   eb01ad4820008579 00000000eb01ada0
0x00007f5363c30030:   00000000eb01ada0 00000000eb01adb8
0x00007f5363c30040:   00000000eb01ad48 0000000000000000
0x00007f5363c30050:   00000000eb019740 0000000000000000
0x00007f5363c30060:   0000000000000001 0000000000000080
0x00007f5363c30070:   00007f5363c30330 00007f5371683164
0x00007f5363c30080:   00000000c0000368 00000000eb019740
0x00007f5363c30090:   00007f5363c30330 00007f5371683164
0x00007f5363c300a0:   0000000000000001 00007f5371694f54
0x00007f5363c300b0:   00007f5363c30330 00007f5371252cbc
0x00007f5363c300c0:   00007f5200000016 00007f5363c300e0
0x00007f5363c300d0:   00007f5363c30330 00007f53712b8674
0x00007f5363c300e0:   00007f5363c30330 00007f537149e41c 

Instructions: (pc=0x00007f5388796939)
0x00007f5388796919:   f3 00 00 00 48 8b 05 e4 ce 88 00 48 89 da 48 c1
0x00007f5388796929:   ea 04 8b 00 21 d0 48 8b 15 fa 87 88 00 48 03 02
0x00007f5388796939:   c7 00 01 00 00 00 4c 8b 2d c2 73 88 00 41 8b 45
0x00007f5388796949:   00 85 c0 75 0a 8b 43 30 a9 00 00 00 30 74 08 48 

Register to memory mapping:

RAX=0x00007f5389c80100 is an unknown value
RBX=0x00007f52d0001000 is a thread
RCX=0x0000000000000000 is an unknown value
RDX=0x00007f538906adb0: <offset 0xfaadb0> in /opt/jdk1.8.0_60/jre/lib/amd64/server/libjvm.so at 0x00007f53880c0000
RSP=0x00007f5363c2fef0 is pointing into the stack for thread: 0x00007f52d0001000
RBP=0x00007f5363c2ff40 is pointing into the stack for thread: 0x00007f52d0001000
RSI=0x00007f5363c2ffc0 is pointing into the stack for thread: 0x00007f52d0001000
RDI=0x00007f52d00011f8 is an unknown value
R8 =0x0000000000000001 is an unknown value
R9 =0x0000000000000001 is an unknown value
R10=0x0000000000008000 is an unknown value
R11=0x00000000000006a0 is an unknown value
R12=0x00007f52d00011f8 is an unknown value
R13=0x00000000eb01b750 is an oop

[error occurred during error reporting (printing register info), id 0xb]

Stack: [0x00007f5363b31000,0x00007f5363c32000],  sp=0x00007f5363c2fef0,  free space=1019k
Native frames: (J=compiled Java code, j=interpreted, Vv=VM code, C=native code)
V  [libjvm.so+0x6d6939]  jni_ReleasePrimitiveArrayCritical+0x69
C  [libzip.so+0x33b3]  Java_java_util_zip_Inflater_inflateBytes+0x103
J 121  java.util.zip.Inflater.inflateBytes(J[BII)I (0 bytes) @ 0x00007f537114d286 [0x00007f537114d1c0+0xc6]
J 4032 C2 java.util.zip.InflaterInputStream.read([BII)I (138 bytes) @ 0x00007f53711455f8 [0x00007f53711454a0+0x158]
J 4191 C2 java.io.FilterInputStream.read([BII)I (11 bytes) @ 0x00007f5371683164 [0x00007f5371683120+0x44]
J 4191 C2 java.io.FilterInputStream.read([BII)I (11 bytes) @ 0x00007f5371683164 [0x00007f5371683120+0x44]
J 4151 C1 org.objectweb.asm.ClassReader.a(Ljava/io/InputStream;Z)[B (163 bytes) @ 0x00007f5371252cbc [0x00007f5371252a40+0x27c]
J 4166 C1 org.eclipse.jetty.annotations.AnnotationParser.parseJarEntry(Ljava/util/Set;Lorg/eclipse/jetty/util/resource/Resource;Ljava/util/jar/JarEntry;Lorg/eclipse/jetty/annotations/ClassNameResolver;)V (275 bytes) @ 0x00007f5371138d3c [0x00007f5371137320+0x1a1c]
j  org.eclipse.jetty.annotations.AnnotationParser.parseJar(Ljava/util/Set;Lorg/eclipse/jetty/util/resource/Resource;Lorg/eclipse/jetty/annotations/ClassNameResolver;)V+96
j  org.eclipse.jetty.annotations.AnnotationParser.parse(Ljava/util/Set;Lorg/eclipse/jetty/util/resource/Resource;Lorg/eclipse/jetty/annotations/ClassNameResolver;)V+47
j  org.eclipse.jetty.annotations.AnnotationConfiguration$ParserTask.call()Ljava/lang/Void;+37
j  org.eclipse.jetty.annotations.AnnotationConfiguration$1.run()V+4
j  org.eclipse.jetty.util.thread.QueuedThreadPool.runJob(Ljava/lang/Runnable;)V+1
j  org.eclipse.jetty.util.thread.QueuedThreadPool$3.run()V+104
j  java.lang.Thread.run()V+11
v  ~StubRoutines::call_stub
V  [libjvm.so+0x68bbe6]  JavaCalls::call_helper(JavaValue*, methodHandle*, JavaCallArguments*, Thread*)+0x1056
V  [libjvm.so+0x68c0f1]  JavaCalls::call_virtual(JavaValue*, KlassHandle, Symbol*, Symbol*, JavaCallArguments*, Thread*)+0x321
V  [libjvm.so+0x68c597]  JavaCalls::call_virtual(JavaValue*, Handle, KlassHandle, Symbol*, Symbol*, Thread*)+0x47
V  [libjvm.so+0x7232d0]  thread_entry(JavaThread*, Thread*)+0xa0
V  [libjvm.so+0xa68f3f]  JavaThread::thread_main_inner()+0xdf
V  [libjvm.so+0xa6906c]  JavaThread::run()+0x11c
V  [libjvm.so+0x91cb88]  java_start(Thread*)+0x108
C  [libpthread.so.0+0x7851]  start_thread+0xd1

Java frames: (J=compiled Java code, j=interpreted, Vv=VM code)
J 121  java.util.zip.Inflater.inflateBytes(J[BII)I (0 bytes) @ 0x00007f537114d20c [0x00007f537114d1c0+0x4c]
J 4032 C2 java.util.zip.InflaterInputStream.read([BII)I (138 bytes) @ 0x00007f53711455f8 [0x00007f53711454a0+0x158]
J 4191 C2 java.io.FilterInputStream.read([BII)I (11 bytes) @ 0x00007f5371683164 [0x00007f5371683120+0x44]
J 4191 C2 java.io.FilterInputStream.read([BII)I (11 bytes) @ 0x00007f5371683164 [0x00007f5371683120+0x44]
J 4151 C1 org.objectweb.asm.ClassReader.a(Ljava/io/InputStream;Z)[B (163 bytes) @ 0x00007f5371252cbc [0x00007f5371252a40+0x27c]
J 4166 C1 org.eclipse.jetty.annotations.AnnotationParser.parseJarEntry(Ljava/util/Set;Lorg/eclipse/jetty/util/resource/Resource;Ljava/util/jar/JarEntry;Lorg/eclipse/jetty/annotations/ClassNameResolver;)V (275 bytes) @ 0x00007f5371138d3c [0x00007f5371137320+0x1a1c]
j  org.eclipse.jetty.annotations.AnnotationParser.parseJar(Ljava/util/Set;Lorg/eclipse/jetty/util/resource/Resource;Lorg/eclipse/jetty/annotations/ClassNameResolver;)V+96
j  org.eclipse.jetty.annotations.AnnotationParser.parse(Ljava/util/Set;Lorg/eclipse/jetty/util/resource/Resource;Lorg/eclipse/jetty/annotations/ClassNameResolver;)V+47
j  org.eclipse.jetty.annotations.AnnotationConfiguration$ParserTask.call()Ljava/lang/Void;+37
j  org.eclipse.jetty.annotations.AnnotationConfiguration$1.run()V+4
j  org.eclipse.jetty.util.thread.QueuedThreadPool.runJob(Ljava/lang/Runnable;)V+1
j  org.eclipse.jetty.util.thread.QueuedThreadPool$3.run()V+104
j  java.lang.Thread.run()V+11
v  ~StubRoutines::call_stub

---------------  P R O C E S S  ---------------

Java Threads: ( => current thread )
  0x00007f52f0003000 JavaThread "qtp1149388444-31" [_thread_blocked, id=937, stack(0x00007f5363c32000,0x00007f5363d33000)]
=>0x00007f52d0001000 JavaThread "qtp1149388444-30" [_thread_in_native_trans, id=936, stack(0x00007f5363b31000,0x00007f5363c32000)]
  0x00007f5380e24000 JavaThread "qtp1149388444-28" [_thread_blocked, id=934, stack(0x00007f5368226000,0x00007f5368327000)]
  0x00007f5380e22000 JavaThread "qtp1149388444-27" [_thread_blocked, id=933, stack(0x00007f5368327000,0x00007f5368428000)]
  0x00007f5380e20000 JavaThread "qtp1149388444-26" [_thread_blocked, id=932, stack(0x00007f5368428000,0x00007f5368529000)]
  0x00007f5380e1e000 JavaThread "qtp1149388444-25" [_thread_blocked, id=931, stack(0x00007f5368529000,0x00007f536862a000)]
  0x00007f5380e1c800 JavaThread "qtp1149388444-24" [_thread_blocked, id=930, stack(0x00007f536862a000,0x00007f536872b000)]
  0x00007f5380e1b800 JavaThread "qtp1149388444-23" [_thread_in_vm, id=929, stack(0x00007f5368da9000,0x00007f5368eaa000)]
  0x00007f5380e12000 JavaThread "qtp1149388444-22" [_thread_blocked, id=928, stack(0x00007f5368eaa000,0x00007f5368fab000)]
  0x00007f5380e11000 JavaThread "qtp1149388444-21" [_thread_blocked, id=927, stack(0x00007f5368fab000,0x00007f53690ac000)]
  0x00007f53808af800 JavaThread "resolver-4" daemon [_thread_blocked, id=902, stack(0x00007f53690ac000,0x00007f53691ad000)]
  0x00007f5380912000 JavaThread "resolver-3" daemon [_thread_blocked, id=901, stack(0x00007f53691ad000,0x00007f53692ae000)]
  0x00007f5380911800 JavaThread "resolver-2" daemon [_thread_blocked, id=900, stack(0x00007f53692ae000,0x00007f53693af000)]
  0x00007f5380918000 JavaThread "resolver-1" daemon [_thread_blocked, id=899, stack(0x00007f53693af000,0x00007f53694b0000)]
  0x00007f538063a800 JavaThread "process reaper" daemon [_thread_blocked, id=898, stack(0x00007f537006c000,0x00007f53700a5000)]
  0x00007f53800eb800 JavaThread "Service Thread" daemon [_thread_blocked, id=895, stack(0x00007f5369fd9000,0x00007f536a0da000)]
  0x00007f53800c6800 JavaThread "C1 CompilerThread3" daemon [_thread_blocked, id=894, stack(0x00007f536a0da000,0x00007f536a1db000)]
  0x00007f53800c4000 JavaThread "C2 CompilerThread2" daemon [_thread_blocked, id=893, stack(0x00007f536a1db000,0x00007f536a2dc000)]
  0x00007f53800c2800 JavaThread "C2 CompilerThread1" daemon [_thread_blocked, id=892, stack(0x00007f536a2dc000,0x00007f536a3dd000)]
  0x00007f53800bf800 JavaThread "C2 CompilerThread0" daemon [_thread_in_native, id=891, stack(0x00007f536a3dd000,0x00007f536a4de000)]
  0x00007f53800be000 JavaThread "Signal Dispatcher" daemon [_thread_blocked, id=890, stack(0x00007f536a4de000,0x00007f536a5df000)]
  0x00007f5380086000 JavaThread "Finalizer" daemon [_thread_blocked, id=889, stack(0x00007f536a5df000,0x00007f536a6e0000)]
  0x00007f5380084000 JavaThread "Reference Handler" daemon [_thread_blocked, id=888, stack(0x00007f536a6e0000,0x00007f536a7e1000)]
  0x00007f5380009000 JavaThread "main" [_thread_blocked, id=878, stack(0x00007f5389b72000,0x00007f5389c73000)]

Other Threads:
  0x00007f538007e800 VMThread [stack: 0x00007f536a7e1000,0x00007f536a8e2000] [id=887]
  0x00007f53800ee800 WatcherThread [stack: 0x00007f5369ed8000,0x00007f5369fd9000] [id=896]

VM state:synchronizing (normal execution)

VM Mutex/Monitor currently owned by a thread:  ([mutex/lock_event])
[0x00007f5380005e90] Safepoint_lock - owner thread: 0x00007f538007e800
[0x00007f5380005f10] Threads_lock - owner thread: 0x00007f538007e800

Heap:
 PSYoungGen      total 305664K, used 58638K [0x00000000eab00000, 0x0000000100000000, 0x0000000100000000)
  eden space 262144K, 5% used [0x00000000eab00000,0x00000000eb9c5108,0x00000000fab00000)
  from space 43520K, 99% used [0x00000000fab00000,0x00000000fd57ea60,0x00000000fd580000)
  to   space 43520K, 0% used [0x00000000fd580000,0x00000000fd580000,0x0000000100000000)
 ParOldGen       total 699392K, used 58093K [0x00000000c0000000, 0x00000000eab00000, 0x00000000eab00000)
  object space 699392K, 8% used [0x00000000c0000000,0x00000000c38bb7f8,0x00000000eab00000)
 Metaspace       used 20883K, capacity 21426K, committed 21552K, reserved 1069056K
  class space    used 2359K, capacity 2566K, committed 2608K, reserved 1048576K

Card table byte_map: [0x00007f5386c04000,0x00007f5386e05000] byte_map_base: 0x00007f5386604000

Marking Bits: (ParMarkBitMap*) 0x00007f538906ede0
 Begin Bits: [0x00007f53842a6000, 0x00007f53852a6000)
 End Bits:   [0x00007f53852a6000, 0x00007f53862a6000)

Polling page: 0x00007f5389c81000

CodeCache: size=245760Kb used=12700Kb max_used=14006Kb free=233059Kb
 bounds [0x00007f5371000000, 0x00007f5371dc0000, 0x00007f5380000000]
 total_blobs=4019 nmethods=3635 adapters=298
 compilation: enabled

Compilation events (10 events):
Event: 9.359 Thread 0x00007f53800c2800 nmethod 4345 0x00007f5371172890 code [0x00007f53711729e0, 0x00007f5371172a98]
Event: 9.359 Thread 0x00007f53800c2800 4343       4       java.nio.HeapByteBuffer::put (167 bytes)
Event: 9.370 Thread 0x00007f53800c2800 nmethod 4343 0x00007f5371343ed0 code [0x00007f5371344060, 0x00007f5371344658]
Event: 9.373 Thread 0x00007f53800c2800 4342       4       java.nio.DirectByteBuffer::get (123 bytes)
Event: 9.382 Thread 0x00007f53800c2800 nmethod 4342 0x00007f537196c810 code [0x00007f537196c980, 0x00007f537196ce38]
Event: 9.383 Thread 0x00007f53800c2800 4341       4       sun.nio.ch.IOUtil::readIntoNativeBuffer (137 bytes)
Event: 9.385 Thread 0x00007f53800c2800 nmethod 4341 0x00007f53714c6410 code [0x00007f53714c6580, 0x00007f53714c67a8]
Event: 9.386 Thread 0x00007f53800c2800 4349       4       org.eclipse.jetty.util.ConcurrentHashSet::add (22 bytes)
Event: 9.387 Thread 0x00007f53800c2800 nmethod 4349 0x00007f53712220d0 code [0x00007f5371222220, 0x00007f5371222308]
Event: 9.388 Thread 0x00007f53800c2800 4350       4       org.objectweb.asm.ClassReader::readClass (16 bytes)

GC Heap History (8 events):
Event: 2.743 GC heap before
{Heap before GC invocations=1 (full 0):
 PSYoungGen      total 305664K, used 262144K [0x00000000eab00000, 0x0000000100000000, 0x0000000100000000)
  eden space 262144K, 100% used [0x00000000eab00000,0x00000000fab00000,0x00000000fab00000)
  from space 43520K, 0% used [0x00000000fd580000,0x00000000fd580000,0x0000000100000000)
  to   space 43520K, 0% used [0x00000000fab00000,0x00000000fab00000,0x00000000fd580000)
 ParOldGen       total 699392K, used 0K [0x00000000c0000000, 0x00000000eab00000, 0x00000000eab00000)
  object space 699392K, 0% used [0x00000000c0000000,0x00000000c0000000,0x00000000eab00000)
 Metaspace       used 15253K, capacity 15718K, committed 15872K, reserved 1062912K
  class space    used 1769K, capacity 1939K, committed 2048K, reserved 1048576K
Event: 2.781 GC heap after
Heap after GC invocations=1 (full 0):
 PSYoungGen      total 305664K, used 20256K [0x00000000eab00000, 0x0000000100000000, 0x0000000100000000)
  eden space 262144K, 0% used [0x00000000eab00000,0x00000000eab00000,0x00000000fab00000)
  from space 43520K, 46% used [0x00000000fab00000,0x00000000fbec82f0,0x00000000fd580000)
  to   space 43520K, 0% used [0x00000000fd580000,0x00000000fd580000,0x0000000100000000)
 ParOldGen       total 699392K, used 16K [0x00000000c0000000, 0x00000000eab00000, 0x00000000eab00000)
  object space 699392K, 0% used [0x00000000c0000000,0x00000000c0004000,0x00000000eab00000)
 Metaspace       used 15253K, capacity 15718K, committed 15872K, reserved 1062912K
  class space    used 1769K, capacity 1939K, committed 2048K, reserved 1048576K
}
Event: 7.411 GC heap before
{Heap before GC invocations=2 (full 0):
 PSYoungGen      total 305664K, used 267741K [0x00000000eab00000, 0x0000000100000000, 0x0000000100000000)
  eden space 262144K, 94% used [0x00000000eab00000,0x00000000f9caf228,0x00000000fab00000)
  from space 43520K, 46% used [0x00000000fab00000,0x00000000fbec82f0,0x00000000fd580000)
  to   space 43520K, 0% used [0x00000000fd580000,0x00000000fd580000,0x0000000100000000)
 ParOldGen       total 699392K, used 16K [0x00000000c0000000, 0x00000000eab00000, 0x00000000eab00000)
  object space 699392K, 0% used [0x00000000c0000000,0x00000000c0004000,0x00000000eab00000)
 Metaspace       used 20710K, capacity 21234K, committed 21296K, reserved 1069056K
  class space    used 2355K, capacity 2566K, committed 2608K, reserved 1048576K
Event: 7.450 GC heap after
Heap after GC invocations=2 (full 0):
 PSYoungGen      total 305664K, used 22225K [0x00000000eab00000, 0x0000000100000000, 0x0000000100000000)
  eden space 262144K, 0% used [0x00000000eab00000,0x00000000eab00000,0x00000000fab00000)
  from space 43520K, 51% used [0x00000000fd580000,0x00000000feb345a8,0x0000000100000000)
  to   space 43520K, 0% used [0x00000000fab00000,0x00000000fab00000,0x00000000fd580000)
 ParOldGen       total 699392K, used 104K [0x00000000c0000000, 0x00000000eab00000, 0x00000000eab00000)
  object space 699392K, 0% used [0x00000000c0000000,0x00000000c001a010,0x00000000eab00000)
 Metaspace       used 20710K, capacity 21234K, committed 21296K, reserved 1069056K
  class space    used 2355K, capacity 2566K, committed 2608K, reserved 1048576K
}
Event: 7.450 GC heap before
{Heap before GC invocations=3 (full 1):
 PSYoungGen      total 305664K, used 22225K [0x00000000eab00000, 0x0000000100000000, 0x0000000100000000)
  eden space 262144K, 0% used [0x00000000eab00000,0x00000000eab00000,0x00000000fab00000)
  from space 43520K, 51% used [0x00000000fd580000,0x00000000feb345a8,0x0000000100000000)
  to   space 43520K, 0% used [0x00000000fab00000,0x00000000fab00000,0x00000000fd580000)
 ParOldGen       total 699392K, used 104K [0x00000000c0000000, 0x00000000eab00000, 0x00000000eab00000)
  object space 699392K, 0% used [0x00000000c0000000,0x00000000c001a010,0x00000000eab00000)
 Metaspace       used 20710K, capacity 21234K, committed 21296K, reserved 1069056K
  class space    used 2355K, capacity 2566K, committed 2608K, reserved 1048576K
Event: 7.524 GC heap after
Heap after GC invocations=3 (full 1):
 PSYoungGen      total 305664K, used 0K [0x00000000eab00000, 0x0000000100000000, 0x0000000100000000)
  eden space 262144K, 0% used [0x00000000eab00000,0x00000000eab00000,0x00000000fab00000)
  from space 43520K, 0% used [0x00000000fd580000,0x00000000fd580000,0x0000000100000000)
  to   space 43520K, 0% used [0x00000000fab00000,0x00000000fab00000,0x00000000fd580000)
 ParOldGen       total 699392K, used 21861K [0x00000000c0000000, 0x00000000eab00000, 0x00000000eab00000)
  object space 699392K, 3% used [0x00000000c0000000,0x00000000c1559400,0x00000000eab00000)
 Metaspace       used 20710K, capacity 21234K, committed 21296K, reserved 1069056K
  class space    used 2355K, capacity 2566K, committed 2608K, reserved 1048576K
}
Event: 9.141 GC heap before
{Heap before GC invocations=4 (full 1):
 PSYoungGen      total 305664K, used 262144K [0x00000000eab00000, 0x0000000100000000, 0x0000000100000000)
  eden space 262144K, 100% used [0x00000000eab00000,0x00000000fab00000,0x00000000fab00000)
  from space 43520K, 0% used [0x00000000fd580000,0x00000000fd580000,0x0000000100000000)
  to   space 43520K, 0% used [0x00000000fab00000,0x00000000fab00000,0x00000000fd580000)
 ParOldGen       total 699392K, used 21861K [0x00000000c0000000, 0x00000000eab00000, 0x00000000eab00000)
  object space 699392K, 3% used [0x00000000c0000000,0x00000000c1559738,0x00000000eab00000)
 Metaspace       used 20882K, capacity 21426K, committed 21552K, reserved 1069056K
  class space    used 2359K, capacity 2566K, committed 2608K, reserved 1048576K
Event: 9.317 GC heap after
Heap after GC invocations=4 (full 1):
 PSYoungGen      total 305664K, used 43514K [0x00000000eab00000, 0x0000000100000000, 0x0000000100000000)
  eden space 262144K, 0% used [0x00000000eab00000,0x00000000eab00000,0x00000000fab00000)
  from space 43520K, 99% used [0x00000000fab00000,0x00000000fd57ea60,0x00000000fd580000)
  to   space 43520K, 0% used [0x00000000fd580000,0x00000000fd580000,0x0000000100000000)
 ParOldGen       total 699392K, used 58093K [0x00000000c0000000, 0x00000000eab00000, 0x00000000eab00000)
  object space 699392K, 8% used [0x00000000c0000000,0x00000000c38bb7f8,0x00000000eab00000)
 Metaspace       used 20882K, capacity 21426K, committed 21552K, reserved 1069056K
  class space    used 2359K, capacity 2566K, committed 2608K, reserved 1048576K
}

Deoptimization events (10 events):
Event: 7.387 Thread 0x00007f5380e20000 Uncommon trap: reason=unstable_if action=reinterpret pc=0x00007f5371a7ee2c method=java.lang.ThreadLocal$ThreadLocalMap.getEntry(Ljava/lang/ThreadLocal;)Ljava/lang/ThreadLocal$ThreadLocalMap$Entry; @ 29
Event: 7.527 Thread 0x00007f5380e1b800 Uncommon trap: reason=unstable_if action=reinterpret pc=0x00007f537148a724 method=java.util.concurrent.ConcurrentHashMap.get(Ljava/lang/Object;)Ljava/lang/Object; @ 86
Event: 7.535 Thread 0x00007f5380086000 Uncommon trap: reason=unstable_if action=reinterpret pc=0x00007f537178f6fc method=java.lang.ref.ReferenceQueue.poll()Ljava/lang/ref/Reference; @ 4
Event: 7.693 Thread 0x00007f5380e22000 Uncommon trap: reason=unstable_if action=reinterpret pc=0x00007f5371a4a198 method=java.util.concurrent.ConcurrentHashMap.addCount(JI)V @ 34
Event: 7.709 Thread 0x00007f5380e12000 Uncommon trap: reason=unstable_if action=reinterpret pc=0x00007f537170f334 method=org.eclipse.jetty.webapp.ClasspathPattern.match(Ljava/lang/String;)Z @ 111
Event: 7.796 Thread 0x00007f5380e1e000 Uncommon trap: reason=unstable_if action=reinterpret pc=0x00007f537132d5b0 method=org.objectweb.asm.ClassReader.a(II[C)Ljava/lang/String; @ 77
Event: 7.816 Thread 0x00007f5380e20000 Uncommon trap: reason=unstable_if action=reinterpret pc=0x00007f5371cef9fc method=java.util.jar.Manifest$FastInputStream.readLine([BII)I @ 87
Event: 8.042 Thread 0x00007f5380e1b800 Uncommon trap: reason=unstable_if action=reinterpret pc=0x00007f5371a6969c method=java.util.concurrent.ConcurrentHashMap.addCount(JI)V @ 97
Event: 8.258 Thread 0x00007f52d0001000 Uncommon trap: reason=unstable_if action=reinterpret pc=0x00007f537165dfdc method=org.eclipse.jetty.util.ConcurrentHashSet.add(Ljava/lang/Object;)Z @ 13
Event: 8.948 Thread 0x00007f52f0003000 Uncommon trap: reason=unstable_if action=reinterpret pc=0x00007f5371c9cb08 method=sun.nio.ch.Util$BufferCache.get(I)Ljava/nio/ByteBuffer; @ 4

Internal exceptions (10 events):
Event: 7.346 Thread 0x00007f5380009000 Exception <a 'java/security/PrivilegedActionException'> (0x00000000f88f9e48) thrown at [/HUDSON/workspace/8-2-build-linux-amd64/jdk8u60/4407/hotspot/src/share/vm/prims/jvm.cpp, line 1386]
Event: 7.346 Thread 0x00007f5380009000 Exception <a 'java/security/PrivilegedActionException'> (0x00000000f88fb3c0) thrown at [/HUDSON/workspace/8-2-build-linux-amd64/jdk8u60/4407/hotspot/src/share/vm/prims/jvm.cpp, line 1386]
Event: 7.346 Thread 0x00007f5380009000 Exception <a 'java/security/PrivilegedActionException'> (0x00000000f88fb9a0) thrown at [/HUDSON/workspace/8-2-build-linux-amd64/jdk8u60/4407/hotspot/src/share/vm/prims/jvm.cpp, line 1386]
Event: 7.346 Thread 0x00007f5380009000 Exception <a 'java/security/PrivilegedActionException'> (0x00000000f88fcf40) thrown at [/HUDSON/workspace/8-2-build-linux-amd64/jdk8u60/4407/hotspot/src/share/vm/prims/jvm.cpp, line 1386]
Event: 7.346 Thread 0x00007f5380009000 Exception <a 'java/security/PrivilegedActionException'> (0x00000000f88fd520) thrown at [/HUDSON/workspace/8-2-build-linux-amd64/jdk8u60/4407/hotspot/src/share/vm/prims/jvm.cpp, line 1386]
Event: 7.347 Thread 0x00007f5380009000 Exception <a 'java/security/PrivilegedActionException'> (0x00000000f88feb00) thrown at [/HUDSON/workspace/8-2-build-linux-amd64/jdk8u60/4407/hotspot/src/share/vm/prims/jvm.cpp, line 1386]
Event: 7.347 Thread 0x00007f5380009000 Exception <a 'java/security/PrivilegedActionException'> (0x00000000f88ff0e0) thrown at [/HUDSON/workspace/8-2-build-linux-amd64/jdk8u60/4407/hotspot/src/share/vm/prims/jvm.cpp, line 1386]
Event: 7.347 Thread 0x00007f5380009000 Exception <a 'java/security/PrivilegedActionException'> (0x00000000f8900730) thrown at [/HUDSON/workspace/8-2-build-linux-amd64/jdk8u60/4407/hotspot/src/share/vm/prims/jvm.cpp, line 1386]
Event: 7.347 Thread 0x00007f5380009000 Exception <a 'java/security/PrivilegedActionException'> (0x00000000f8900d10) thrown at [/HUDSON/workspace/8-2-build-linux-amd64/jdk8u60/4407/hotspot/src/share/vm/prims/jvm.cpp, line 1386]
Event: 7.386 Thread 0x00007f5380e11000 Implicit null exception at 0x00007f537119f81e to 0x00007f537119fe25

Events (10 events):
Event: 9.391 Executing VM operation: RevokeBias done
Event: 9.391 Executing VM operation: RevokeBias
Event: 9.391 Executing VM operation: RevokeBias done
Event: 9.392 Executing VM operation: RevokeBias
Event: 9.392 Executing VM operation: RevokeBias done
Event: 9.393 Executing VM operation: RevokeBias
Event: 9.393 Executing VM operation: RevokeBias done
Event: 9.395 Executing VM operation: RevokeBias
Event: 9.395 Executing VM operation: RevokeBias done
Event: 9.396 Executing VM operation: RevokeBias


Dynamic libraries:
00400000-00401000 r-xp 00000000 09:00 8537139                            /opt/jdk1.8.0_60/bin/java
00600000-00601000 rw-p 00000000 09:00 8537139                            /opt/jdk1.8.0_60/bin/java
01d1d000-01d3e000 rw-p 00000000 00:00 0                                  [heap]
c0000000-10028c000 rw-p 00000000 00:00 0 
10028c000-140000000 ---p 00000000 00:00 0 
7f52d0000000-7f52d0928000 rw-p 00000000 00:00 0 
7f52d0928000-7f52d4000000 ---p 00000000 00:00 0 
7f52d4000000-7f52d74a3000 rw-p 00000000 00:00 0 
7f52d74a3000-7f52d8000000 ---p 00000000 00:00 0 
7f52d8000000-7f52da772000 rw-p 00000000 00:00 0 
7f52da772000-7f52dc000000 ---p 00000000 00:00 0 
7f52dc000000-7f52ded0b000 rw-p 00000000 00:00 0 
7f52ded0b000-7f52e0000000 ---p 00000000 00:00 0 
7f52e0000000-7f52e3665000 rw-p 00000000 00:00 0 
7f52e3665000-7f52e4000000 ---p 00000000 00:00 0 
7f52e4000000-7f52e711f000 rw-p 00000000 00:00 0 
7f52e711f000-7f52e8000000 ---p 00000000 00:00 0 
7f52e8000000-7f52eb198000 rw-p 00000000 00:00 0 
7f52eb198000-7f52ec000000 ---p 00000000 00:00 0 
7f52ec000000-7f52eebd6000 rw-p 00000000 00:00 0 
7f52eebd6000-7f52f0000000 ---p 00000000 00:00 0 
7f52f0000000-7f52f32c2000 rw-p 00000000 00:00 0 
7f52f32c2000-7f52f4000000 ---p 00000000 00:00 0 
7f52f4000000-7f52f6753000 rw-p 00000000 00:00 0 
7f52f6753000-7f52f8000000 ---p 00000000 00:00 0 
7f52f8000000-7f52f8021000 rw-p 00000000 00:00 0 
7f52f8021000-7f52fc000000 ---p 00000000 00:00 0 
7f52fc000000-7f52fc021000 rw-p 00000000 00:00 0 
7f52fc021000-7f5300000000 ---p 00000000 00:00 0 
7f5300000000-7f5300021000 rw-p 00000000 00:00 0 
7f5300021000-7f5304000000 ---p 00000000 00:00 0 
7f5304000000-7f5304021000 rw-p 00000000 00:00 0 
7f5304021000-7f5308000000 ---p 00000000 00:00 0 
7f5308000000-7f5308021000 rw-p 00000000 00:00 0 
7f5308021000-7f530c000000 ---p 00000000 00:00 0 
7f530c000000-7f530c021000 rw-p 00000000 00:00 0 
7f530c021000-7f5310000000 ---p 00000000 00:00 0 
7f5310000000-7f5310d12000 rw-p 00000000 00:00 0 
7f5310d12000-7f5314000000 ---p 00000000 00:00 0 
7f5314000000-7f5314021000 rw-p 00000000 00:00 0 
7f5314021000-7f5318000000 ---p 00000000 00:00 0 
7f5318000000-7f5319441000 rw-p 00000000 00:00 0 
7f5319441000-7f531c000000 ---p 00000000 00:00 0 
7f531c000000-7f531d08b000 rw-p 00000000 00:00 0 
7f531d08b000-7f5320000000 ---p 00000000 00:00 0 
7f5320000000-7f5320f8d000 rw-p 00000000 00:00 0 
7f5320f8d000-7f5324000000 ---p 00000000 00:00 0 
7f532616f000-7f532c000000 r--p 00000000 09:00 1977298                    /usr/lib/locale/locale-archive-rpm
7f532c000000-7f532c021000 rw-p 00000000 00:00 0 
7f532c021000-7f5330000000 ---p 00000000 00:00 0 
7f5330000000-7f5330021000 rw-p 00000000 00:00 0 
7f5330021000-7f5334000000 ---p 00000000 00:00 0 
7f5334000000-7f5334021000 rw-p 00000000 00:00 0 
7f5334021000-7f5338000000 ---p 00000000 00:00 0 
7f5338000000-7f5338021000 rw-p 00000000 00:00 0 
7f5338021000-7f533c000000 ---p 00000000 00:00 0 
7f533c000000-7f533c021000 rw-p 00000000 00:00 0 
7f533c021000-7f5340000000 ---p 00000000 00:00 0 
7f5340000000-7f5340021000 rw-p 00000000 00:00 0 
7f5340021000-7f5344000000 ---p 00000000 00:00 0 
7f5344000000-7f5344021000 rw-p 00000000 00:00 0 
7f5344021000-7f5348000000 ---p 00000000 00:00 0 
7f534c000000-7f534c021000 rw-p 00000000 00:00 0 
7f534c021000-7f5350000000 ---p 00000000 00:00 0 
7f5354000000-7f5354021000 rw-p 00000000 00:00 0 
7f5354021000-7f5358000000 ---p 00000000 00:00 0 
7f535c000000-7f535c021000 rw-p 00000000 00:00 0 
7f535c021000-7f5360000000 ---p 00000000 00:00 0 
7f5363b31000-7f5363b34000 ---p 00000000 00:00 0 
7f5363b34000-7f5363c32000 rw-p 00000000 00:00 0 
7f5363c32000-7f5363c35000 ---p 00000000 00:00 0 
7f5363c35000-7f5363d33000 rw-p 00000000 00:00 0 
7f5363d33000-7f5363d38000 r--s 0002a000 09:7f 21238364                   /home/lukasz/work/git/imex-central/icentral/target/icentral/WEB-INF/lib/commons-beanutils-1.7.0.jar
7f5363d38000-7f5363d39000 r--s 00001000 09:7f 21238363                   /home/lukasz/work/git/imex-central/icentral/target/icentral/WEB-INF/lib/jsr181-api-1.0-MR1.jar
7f5363d39000-7f5363d3d000 r--s 00026000 09:7f 21238362                   /home/lukasz/work/git/imex-central/icentral/target/icentral/WEB-INF/lib/xmlschema-core-2.2.1.jar
7f5363d3d000-7f5363d41000 r--s 0002c000 09:7f 21238361                   /home/lukasz/work/git/imex-central/icentral/target/icentral/WEB-INF/lib/javax.mail-api-1.5.4.jar
7f5363d41000-7f5363d43000 r--s 00008000 09:7f 21238360                   /home/lukasz/work/git/imex-central/icentral/target/icentral/WEB-INF/lib/cxf-rt-bindings-xml-3.1.6.jar
7f5363d43000-7f5363d46000 r--s 00028000 09:7f 21238359                   /home/lukasz/work/git/imex-central/icentral/target/icentral/WEB-INF/lib/cxf-rt-wsdl-3.1.6.jar
7f5363d46000-7f5363d50000 r--s 0005e000 09:7f 21238358                   /home/lukasz/work/git/imex-central/icentral/target/icentral/WEB-INF/lib/spring-jdbc-4.2.1.RELEASE.jar
7f5363d50000-7f5363d53000 r--s 00015000 09:7f 21238357                   /home/lukasz/work/git/imex-central/icentral/target/icentral/WEB-INF/lib/javax.servlet-api-3.1.0.jar
7f5363d53000-7f5363d56000 r--s 0000c000 09:7f 21238356                   /home/lukasz/work/git/imex-central/icentral/target/icentral/WEB-INF/lib/dip-proxy-ws-0.01.jar
7f5363d56000-7f5363d5d000 r--s 00064000 09:7f 21238355                   /home/lukasz/work/git/imex-central/icentral/target/icentral/WEB-INF/lib/commons-lang3-3.4.jar
7f5363d5d000-7f5363d6e000 r--s 000bb000 09:7f 21238354                   /home/lukasz/work/git/imex-central/icentral/target/icentral/WEB-INF/lib/struts2-core-2.3.24.1.jar
7f5363d6e000-7f5363d74000 r--s 00061000 09:7f 21238353                   /home/lukasz/work/git/imex-central/icentral/target/icentral/WEB-INF/lib/jetty-server-9.2.15.v20160210.jar
7f5363d74000-7f5363d78000 r--s 00029000 09:7f 21238352                   /home/lukasz/work/git/imex-central/icentral/target/icentral/WEB-INF/lib/stax2-api-3.1.1.jar
7f5363d78000-7f5363d79000 r--s 00009000 09:7f 21238351                   /home/lukasz/work/git/imex-central/icentral/target/icentral/WEB-INF/lib/slf4j-api-1.7.19.jar
7f5363d79000-7f5363d7c000 r--s 00010000 09:7f 21238350                   /home/lukasz/work/git/imex-central/icentral/target/icentral/WEB-INF/lib/hibernate-commons-annotations-4.0.5.Final.jar
7f5363d7c000-7f5363d7e000 r--s 00013000 09:7f 21238349                   /home/lukasz/work/git/imex-central/icentral/target/icentral/WEB-INF/lib/xml-resolver-1.2.jar
7f5363d7e000-7f5363d7f000 r--s 00001000 09:7f 21238348                   /home/lukasz/work/git/imex-central/icentral/target/icentral/WEB-INF/lib/dip-util-security-0.99.jar
7f5363d7f000-7f5363d81000 r--s 00009000 09:7f 21238347                   /home/lukasz/work/git/imex-central/icentral/target/icentral/WEB-INF/lib/javax.xml.soap-api-1.3.7.jar
7f5363d81000-7f5363d82000 r--s 00002000 09:7f 21238346                   /home/lukasz/work/git/imex-central/icentral/target/icentral/WEB-INF/lib/recaptcha4j-0.0.7.jar
7f5363d82000-7f5363d84000 r--s 00005000 09:7f 21238345                   /home/lukasz/work/git/imex-central/icentral/target/icentral/WEB-INF/lib/javax.annotation-api-1.2.jar
7f5363d84000-7f5363d89000 r--s 00017000 09:7f 21238344                   /home/lukasz/work/git/imex-central/icentral/target/icentral/WEB-INF/lib/hibernate-jpa-2.1-api-1.0.0.Final.jar
7f5363d89000-7f5363db3000 r--s 0023a000 09:7f 21238343                   /home/lukasz/work/git/imex-central/icentral/target/icentral/WEB-INF/lib/jaxws-rt-2.2.10.jar
7f5363db3000-7f5363e11000 r--s 004ac000 09:7f 21238342                   /home/lukasz/work/git/imex-central/icentral/target/icentral/WEB-INF/lib/hibernate-core-4.3.11.Final.jar
7f5363e11000-7f5363e28000 r--s 00127000 09:7f 21238338                   /home/lukasz/work/git/imex-central/icentral/target/icentral/WEB-INF/lib/freemarker-2.3.22.jar
7f5363e28000-7f5363e2a000 r--s 0000e000 09:7f 21238337                   /home/lukasz/work/git/imex-central/icentral/target/icentral/WEB-INF/lib/commons-logging-1.2.jar
7f5363e2a000-7f5363e2d000 r--s 0000a000 09:7f 21238336                   /home/lukasz/work/git/imex-central/icentral/target/icentral/WEB-INF/lib/jaxws-api-2.2.11.jar
7f5363e2d000-7f5363e45000 r--s 00132000 09:7f 21238335                   /home/lukasz/work/git/imex-central/icentral/target/icentral/WEB-INF/lib/cxf-core-3.1.6.jar
7f5363e45000-7f5363e48000 r--s 00015000 09:7f 21238334                   /home/lukasz/work/git/imex-central/icentral/target/icentral/WEB-INF/lib/cxf-rt-transports-http-jetty-3.1.6.jar
7f5363e48000-7f5363e53000 r--s 0004d000 09:7f 21238333                   /home/lukasz/work/git/imex-central/icentral/target/icentral/WEB-INF/lib/spring-security-core-4.0.2.RELEASE.jar
7f5363e53000-7f5363e58000 r--s 00068000 09:7f 21238332                   /home/lukasz/work/git/imex-central/icentral/target/icentral/WEB-INF/lib/antlr-2.7.7.jar
7f5363e58000-7f5363e61000 r--s 00051000 09:7f 21238331                   /home/lukasz/work/git/imex-central/icentral/target/icentral/WEB-INF/lib/spring-aop-4.2.1.RELEASE.jar
7f5363e61000-7f5363e64000 r--s 0001d000 09:7f 21238330                   /home/lukasz/work/git/imex-central/icentral/target/icentral/WEB-INF/lib/xbean-spring-4.4.jar
7f5363e64000-7f5363e66000 r--s 00009000 09:7f 21238329                   /home/lukasz/work/git/imex-central/icentral/target/icentral/WEB-INF/lib/management-api-3.0.0-b012.jar
7f5363e66000-7f5363e6c000 r--s 00034000 09:7f 21238328                   /home/lukasz/work/git/imex-central/icentral/target/icentral/WEB-INF/lib/jaxb-core-2.2.10-b140802.1033.jar
7f5363e6c000-7f5363e74000 r--s 0008d000 09:7f 21238327                   /home/lukasz/work/git/imex-central/icentral/target/icentral/WEB-INF/lib/cxf-rt-frontend-jaxrs-3.1.6.jar
7f5363e74000-7f5363e76000 r--s 00010000 09:7f 21238326                   /home/lukasz/work/git/imex-central/icentral/target/icentral/WEB-INF/lib/neethi-3.0.3.jar
7f5363e76000-7f5363e7c000 r--s 00045000 09:7f 21238325                   /home/lukasz/work/git/imex-central/icentral/target/icentral/WEB-INF/lib/commons-httpclient-3.1.jar
7f5363e7c000-7f5363e7e000 r--s 0000e000 09:7f 21238324                   /home/lukasz/work/git/imex-central/icentral/target/icentral/WEB-INF/lib/mimepull-1.9.4.jar
7f5363e7e000-7f5363e85000 r--s 0003a000 09:7f 21238323                   /home/lukasz/work/git/imex-central/icentral/target/icentral/WEB-INF/lib/spring-tx-4.2.1.RELEASE.jar
7f5363e85000-7f5363e8d000 r--s 00099000 09:7f 21238322                   /home/lukasz/work/git/imex-central/icentral/target/icentral/WEB-INF/lib/postgresql-9.4-1203-jdbc4.jar
7f5363e8d000-7f5363e91000 r--s 0002c000 09:7f 21238319                   /home/lukasz/work/git/imex-central/icentral/target/icentral/WEB-INF/lib/spring-expression-3.2.3.RELEASE.jar
7f5363e91000-7f5363e96000 r--s 00036000 09:7f 21238318                   /home/lukasz/work/git/imex-central/icentral/target/icentral/WEB-INF/lib/commons-compress-1.4.1.jar
7f5363e96000-7f5363e9d000 r--s 0003f000 09:7f 21238317                   /home/lukasz/work/git/imex-central/icentral/target/icentral/WEB-INF/lib/cglib-3.1.jar
7f5363e9d000-7f5363eac000 r--s 00097000 09:7f 21238316                   /home/lukasz/work/git/imex-central/icentral/target/icentral/WEB-INF/lib/xwork-core-2.3.24.1.jar
7f5363eac000-7f5363eb0000 r--s 0002a000 09:7f 21238315                   /home/lukasz/work/git/imex-central/icentral/target/icentral/WEB-INF/lib/commons-io-2.4.jar
7f5363eb0000-7f5363ec5000 r--s 000f0000 09:7f 21238314                   /home/lukasz/work/git/imex-central/icentral/target/icentral/WEB-INF/lib/spring-core-4.2.1.RELEASE.jar
7f5363ec5000-7f5363ec8000 r--s 00015000 09:7f 21238313                   /home/lukasz/work/git/imex-central/icentral/target/icentral/WEB-INF/lib/jetty-security-9.2.15.v20160210.jar
7f5363ec8000-7f5363ece000 r--s 00054000 09:7f 21238312                   /home/lukasz/work/git/imex-central/icentral/target/icentral/WEB-INF/lib/jetty-util-9.2.15.v20160210.jar
7f5363ece000-7f5363ed2000 r--s 00019000 09:7f 21238311                   /home/lukasz/work/git/imex-central/icentral/target/icentral/WEB-INF/lib/javax.ws.rs-api-2.0.1.jar
7f5363ed2000-7f5363ed4000 r--s 00004000 09:7f 21238310                   /home/lukasz/work/git/imex-central/icentral/target/icentral/WEB-INF/lib/gmbal-api-only-3.1.0-b001.jar
7f5363ed4000-7f5363ed6000 r--s 00004000 09:7f 21238309                   /home/lukasz/work/git/imex-central/icentral/target/icentral/WEB-INF/lib/struts2-tiles-plugin-2.3.24.1.jar
7f5363ed6000-7f5363eda000 r--s 00014000 09:7f 21238308                   /home/lukasz/work/git/imex-central/icentral/target/icentral/WEB-INF/lib/xz-1.0.jar
7f5363eda000-7f5363edc000 r--s 00011000 09:7f 21238307                   /home/lukasz/work/git/imex-central/icentral/target/icentral/WEB-INF/lib/cxf-rt-ws-addr-3.1.6.jar
7f5363edc000-7f5363ede000 r--s 00003000 09:7f 21238306                   /home/lukasz/work/git/imex-central/icentral/target/icentral/WEB-INF/lib/ic-model-1.99.jar
7f5363ede000-7f5363edf000 r--s 00001000 09:7f 21238305                   /home/lukasz/work/git/imex-central/icentral/target/icentral/WEB-INF/lib/dip-util-orm-0.99.jar
7f5363edf000-7f5363ef4000 r--s 000be000 09:7f 21238304                   /home/lukasz/work/git/imex-central/icentral/target/icentral/WEB-INF/lib/spring-context-3.2.3.RELEASE.jar
7f5363ef4000-7f5363f0d000 r--s 001af000 09:7f 21238303                   /home/lukasz/work/git/imex-central/icentral/target/icentral/WEB-INF/lib/aspectjweaver-1.8.7.jar
7f5363f0d000-7f5363f0f000 r--s 00006000 09:7f 21238302                   /home/lukasz/work/git/imex-central/icentral/target/icentral/WEB-INF/lib/jaxws-spring-1.9.jar
7f5363f0f000-7f5363f13000 r--s 00028000 09:7f 21238300                   /home/lukasz/work/git/imex-central/icentral/target/icentral/WEB-INF/lib/cxf-rt-bindings-soap-3.1.6.jar
7f5363f13000-7f5363f15000 r--s 0000e000 09:7f 21238299                   /home/lukasz/work/git/imex-central/icentral/target/icentral/WEB-INF/lib/activation-1.1.jar
7f5363f15000-7f5363f1e000 r--s 0006a000 09:7f 21238298                   /home/lukasz/work/git/imex-central/icentral/target/icentral/WEB-INF/lib/bliki-core-3.0.19.jar
7f5363f1e000-7f5363f21000 r--s 00035000 09:7f 21238297                   /home/lukasz/work/git/imex-central/icentral/target/icentral/WEB-INF/lib/ognl-3.0.6.jar
7f5363f21000-7f5363f22000 r--s 0000a000 09:7f 21238296                   /home/lukasz/work/git/imex-central/icentral/target/icentral/WEB-INF/lib/asm-3.3.jar
7f5363f22000-7f5363f24000 r--s 00009000 09:7f 21238295                   /home/lukasz/work/git/imex-central/icentral/target/icentral/WEB-INF/lib/tiles-jsp-2.0.6.jar
7f5363f24000-7f5363f2c000 r--s 0008e000 09:7f 21238294                   /home/lukasz/work/git/imex-central/icentral/target/icentral/WEB-INF/lib/javassist-3.11.0.GA.jar
7f5363f2c000-7f5363f31000 r--s 0004f000 09:7f 21238293                   /home/lukasz/work/git/imex-central/icentral/target/icentral/WEB-INF/lib/cxf-rt-frontend-jaxws-3.1.6.jar
7f5363f31000-7f5363f39000 r--s 0006c000 09:7f 21238292                   /home/lukasz/work/git/imex-central/icentral/target/icentral/WEB-INF/lib/saaj-impl-1.3.25.jar
7f5363f39000-7f5363f3b000 r--s 00000000 09:7f 21238291                   /home/lukasz/work/git/imex-central/icentral/target/icentral/WEB-INF/lib/aopalliance-1.0.jar
7f5363f3b000-7f5363f45000 r--s 000a5000 09:7f 21238290                   /home/lukasz/work/git/imex-central/icentral/target/icentral/WEB-INF/lib/javassist-3.18.1-GA.jar
7f5363f45000-7f5363f4b000 r--s 0004d000 09:7f 21238289                   /home/lukasz/work/git/imex-central/icentral/target/icentral/WEB-INF/lib/cxf-rt-transports-http-3.1.6.jar
7f5363f4b000-7f5363f4d000 r--s 0001a000 09:7f 21238288                   /home/lukasz/work/git/imex-central/icentral/target/icentral/WEB-INF/lib/dip-util-struts-0.99.jar
7f5363f4d000-7f5363f4f000 r--s 0001d000 09:7f 21238287                   /home/lukasz/work/git/imex-central/icentral/target/icentral/WEB-INF/lib/jetty-http-9.2.15.v20160210.jar
7f5363f4f000-7f5363f59000 r--s 00068000 09:7f 21238286                   /home/lukasz/work/git/imex-central/icentral/target/icentral/WEB-INF/lib/spring-orm-4.2.1.RELEASE.jar
7f5363f59000-7f5363f5b000 r--s 0000f000 09:7f 21238285                   /home/lukasz/work/git/imex-central/icentral/target/icentral/WEB-INF/lib/commons-fileupload-1.3.1.jar
7f5363f5b000-7f5363f5d000 r--s 00013000 09:7f 21238284                   /home/lukasz/work/git/imex-central/icentral/target/icentral/WEB-INF/lib/dip-util-data-0.99.jar
7f5363f5d000-7f5363f5f000 r--s 00018000 09:7f 21238283                   /home/lukasz/work/git/imex-central/icentral/target/icentral/WEB-INF/lib/cxf-rt-databinding-jaxb-3.1.6.jar
7f5363f5f000-7f5363f6d000 r--s 000a5000 09:7f 21238282                   /home/lukasz/work/git/imex-central/icentral/target/icentral/WEB-INF/lib/spring-beans-4.2.1.RELEASE.jar
7f5363f6d000-7f5363f72000 r--s 00044000 09:7f 21238281                   /home/lukasz/work/git/imex-central/icentral/target/icentral/WEB-INF/lib/FastInfoset-1.2.13.jar
7f5363f72000-7f5363f74000 r--s 0000f000 09:7f 21238280                   /home/lukasz/work/git/imex-central/icentral/target/icentral/WEB-INF/lib/resolver-20050927.jar
7f5363f74000-7f5363f7c000 r--s 0006c000 09:7f 21238279                   /home/lukasz/work/git/imex-central/icentral/target/icentral/WEB-INF/lib/spymemcached-2.12.0.jar
7f5363f7c000-7f5363f7e000 r--s 00004000 09:7f 21238278                   /home/lukasz/work/git/imex-central/icentral/target/icentral/WEB-INF/lib/struts2-spring-plugin-2.3.24.1.jar
7f5363f7e000-7f5363f82000 r--s 0001c000 09:7f 21238277                   /home/lukasz/work/git/imex-central/icentral/target/icentral/WEB-INF/lib/tiles-core-2.0.6.jar
7f5363f82000-7f5363f84000 r--s 00007000 09:7f 21238276                   /home/lukasz/work/git/imex-central/icentral/target/icentral/WEB-INF/lib/ha-api-3.1.9.jar
7f5363f84000-7f5363f86000 r--s 00008000 09:7f 21238275                   /home/lukasz/work/git/imex-central/icentral/target/icentral/WEB-INF/lib/asm-commons-3.3.jar
7f5363f86000-7f5363f87000 r--s 0000b000 09:7f 21238274                   /home/lukasz/work/git/imex-central/icentral/target/icentral/WEB-INF/lib/asm-4.2.jar
7f5363f87000-7f5363f89000 r--s 00017000 09:7f 21238273                   /home/lukasz/work/git/imex-central/icentral/target/icentral/WEB-INF/lib/cxf-rt-frontend-simple-3.1.6.jar
7f5363f89000-7f5363f8d000 r--s 0002a000 09:7f 21238272                   /home/lukasz/work/git/imex-central/icentral/target/icentral/WEB-INF/lib/wsdl4j-1.6.3.jar
7f5363f8d000-7f5363f91000 r--s 00020000 09:7f 21238271                   /home/lukasz/work/git/imex-central/icentral/target/icentral/WEB-INF/lib/commons-digester-1.8.jar
7f5363f91000-7f5363f95000 r--s 00019000 09:7f 21238270                   /home/lukasz/work/git/imex-central/icentral/target/icentral/WEB-INF/lib/aspectjrt-1.8.7.jar
7f5363f95000-7f5363f96000 r--s 00003000 09:7f 21238269                   /home/lukasz/work/git/imex-central/icentral/target/icentral/WEB-INF/lib/jetty-continuation-9.2.15.v20160210.jar
7f5363f96000-7f5363f97000 r--s 0000a000 09:7f 21238268                   /home/lukasz/work/git/imex-central/icentral/target/icentral/WEB-INF/lib/commons-logging-api-1.1.jar
7f5363f97000-7f5363f9d000 r--s 00070000 09:7f 21238267                   /home/lukasz/work/git/imex-central/icentral/target/icentral/WEB-INF/lib/woodstox-core-asl-4.2.0.jar
7f5363f9d000-7f5363f9f000 r--s 00004000 09:7f 21238266                   /home/lukasz/work/git/imex-central/icentral/target/icentral/WEB-INF/lib/asm-tree-3.3.jar
7f5363f9f000-7f5363fa1000 r--s 00003000 09:7f 21238265                   /home/lukasz/work/git/imex-central/icentral/target/icentral/WEB-INF/lib/tiles-api-2.0.6.jar
7f5363fa1000-7f5363fa4000 r--s 0000e000 09:7f 21238264                   /home/lukasz/work/git/imex-central/icentral/target/icentral/WEB-INF/lib/streambuffer-1.5.3.jar
7f5363fa4000-7f5363fa6000 r--s 0000c000 09:7f 21238263                   /home/lukasz/work/git/imex-central/icentral/target/icentral/WEB-INF/lib/jboss-logging-3.1.3.GA.jar
7f5363fa6000-7f5363fad000 r--s 0003f000 09:7f 21238262                   /home/lukasz/work/git/imex-central/icentral/target/icentral/WEB-INF/lib/commons-codec-1.10.jar
7f5363fad000-7f5363faf000 r--s 00010000 09:7f 21238261                   /home/lukasz/work/git/imex-central/icentral/target/icentral/WEB-INF/lib/struts2-json-plugin-2.3.24.1.jar
7f5363faf000-7f5363fb2000 r--s 0000a000 09:7f 21238260                   /home/lukasz/work/git/imex-central/icentral/target/icentral/WEB-INF/lib/icentral-api-2.0.jar
7f5363fb2000-7f5363fb4000 r--s 00007000 09:7f 21238259                   /home/lukasz/work/git/imex-central/icentral/target/icentral/WEB-INF/lib/stax-ex-1.7.7.jar
7f5363fb4000-7f5363fb9000 r--s 00016000 09:7f 21238258                   /home/lukasz/work/git/imex-central/icentral/target/icentral/WEB-INF/lib/xml-apis-1.0.b2.jar
7f5363fb9000-7f5363fc9000 r--s 00085000 09:7f 21238301                   /home/lukasz/work/git/imex-central/icentral/target/icentral/WEB-INF/lib/mchange-commons-java-0.2.10.jar
7f5363fc9000-7f5363fd1000 r--s 00072000 09:7f 21238257                   /home/lukasz/work/git/imex-central/icentral/target/icentral/WEB-INF/lib/c3p0-0.9.5.1.jar
7f5363fd1000-7f5363fd6000 r--s 00030000 09:7f 21238256                   /home/lukasz/work/git/imex-central/icentral/target/icentral/WEB-INF/lib/cxf-rt-ws-policy-3.1.6.jar
7f5363fd6000-7f5363fd9000 r--s 00018000 09:7f 21238255                   /home/lukasz/work/git/imex-central/icentral/target/icentral/WEB-INF/lib/jetty-io-9.2.15.v20160210.jar
7f5363fd9000-7f5363fdd000 r--s 00024000 09:7f 21238254                   /home/lukasz/work/git/imex-central/icentral/target/icentral/WEB-INF/lib/policy-2.4.jar
7f5363fdd000-7f5363fe0000 r--s 00016000 09:7f 21238253                   /home/lukasz/work/git/imex-central/icentral/target/icentral/WEB-INF/lib/jaxb-api-2.2.12-b140109.1041.jar
7f5363fe0000-7f5363ff2000 r--s 000ed000 09:7f 21238249                   /home/lukasz/work/git/imex-central/icentral/target/icentral/WEB-INF/lib/jaxb-impl-2.2.10-b140802.1033.jar
7f5363ff2000-7f5364000000 r--s 0008b000 09:7f 21238246                   /home/lukasz/work/git/imex-central/icentral/target/icentral/WEB-INF/lib/spring-web-3.2.3.RELEASE.jar
7f5364000000-7f5364021000 rw-p 00000000 00:00 0 
7f5364021000-7f5368000000 ---p 00000000 00:00 0 
7f5368000000-7f5368002000 r--s 00011000 09:7f 21238252                   /home/lukasz/work/git/imex-central/icentral/target/icentral/WEB-INF/lib/jandex-1.1.0.Final.jar
7f5368002000-7f5368003000 r--s 00006000 09:7f 21238251                   /home/lukasz/work/git/imex-central/icentral/target/icentral/WEB-INF/lib/jboss-transaction-api_1.2_spec-1.0.0.Final.jar
7f5368003000-7f5368004000 r--s 00002000 09:7f 21238248                   /home/lukasz/work/git/imex-central/icentral/target/icentral/WEB-INF/lib/jboss-logging-annotations-1.2.0.Beta1.jar
7f5368004000-7f5368009000 r--s 00048000 09:7f 21238247                   /home/lukasz/work/git/imex-central/icentral/target/icentral/WEB-INF/lib/dom4j-1.6.1.jar
7f5368009000-7f5368012000 r--s 0006d000 09:7f 21238243                   /home/lukasz/work/git/imex-central/icentral/target/icentral/WEB-INF/lib/log4j-1.2.16.jar
7f5368012000-7f5368092000 rw-p 00000000 00:00 0 
7f5368092000-7f5368212000 ---p 00000000 00:00 0 
7f5368224000-7f5368226000 rw-p 00000000 00:00 0 
7f5368226000-7f5368229000 ---p 00000000 00:00 0 
7f5368229000-7f5368327000 rw-p 00000000 00:00 0 
7f5368327000-7f536832a000 ---p 00000000 00:00 0 
7f536832a000-7f5368428000 rw-p 00000000 00:00 0 
7f5368428000-7f536842b000 ---p 00000000 00:00 0 
7f536842b000-7f5368529000 rw-p 00000000 00:00 0 
7f5368529000-7f536852c000 ---p 00000000 00:00 0 
7f536852c000-7f536862a000 rw-p 00000000 00:00 0 
7f536862a000-7f536862d000 ---p 00000000 00:00 0 
7f536862d000-7f536892b000 rw-p 00000000 00:00 0 
7f536892b000-7f5368933000 r-xp 00000000 09:00 409280                     /opt/jdk1.8.0_60/jre/lib/amd64/libmanagement.so
7f5368933000-7f5368b33000 ---p 00008000 09:00 409280                     /opt/jdk1.8.0_60/jre/lib/amd64/libmanagement.so
7f5368b33000-7f5368b34000 rw-p 00008000 09:00 409280                     /opt/jdk1.8.0_60/jre/lib/amd64/libmanagement.so
7f5368b34000-7f5368b36000 r--s 00006000 09:7f 21235518                   /home/lukasz/.m2/repository/javax/transaction/javax.transaction-api/1.2/javax.transaction-api-1.2.jar
7f5368b36000-7f5368b3b000 r--s 0002e000 09:7f 21237383                   /home/lukasz/.m2/repository/org/apache/taglibs/taglibs-standard-impl/1.2.5/taglibs-standard-impl-1.2.5.jar
7f5368b3b000-7f5368b3d000 r--s 00008000 09:7f 21237382                   /home/lukasz/.m2/repository/org/apache/taglibs/taglibs-standard-spec/1.2.5/taglibs-standard-spec-1.2.5.jar
7f5368b3d000-7f5368b3e000 r--s 00000000 09:7f 21237379                   /home/lukasz/.m2/repository/org/eclipse/jetty/apache-jstl/9.3.8.v20160314/apache-jstl-9.3.8.v20160314.jar
7f5368b3e000-7f5368b50000 r--s 00223000 09:7f 7999005                    /home/lukasz/.m2/repository/org/eclipse/jdt/core/compiler/ecj/4.4.2/ecj-4.4.2.jar
7f5368b50000-7f5368b54000 r--s 00037000 09:7f 21237377                   /home/lukasz/.m2/repository/org/mortbay/jasper/apache-el/8.0.27/apache-el-8.0.27.jar
7f5368b54000-7f5368b61000 r--s 000de000 09:7f 21237378                   /home/lukasz/.m2/repository/org/mortbay/jasper/apache-jsp/8.0.27/apache-jsp-8.0.27.jar
7f5368b61000-7f5368b63000 r--s 0002d000 09:7f 21237375                   /home/lukasz/.m2/repository/org/eclipse/jetty/toolchain/jetty-schemas/3.1/jetty-schemas-3.1.jar
7f5368b63000-7f5368b64000 r--s 00002000 09:7f 21237374                   /home/lukasz/.m2/repository/org/eclipse/jetty/apache-jsp/9.3.8.v20160314/apache-jsp-9.3.8.v20160314.jar
7f5368b64000-7f5368b65000 r--s 00004000 09:7f 21237368                   /home/lukasz/.m2/repository/org/eclipse/jetty/websocket/websocket-servlet/9.3.8.v20160314/websocket-servlet-9.3.8.v20160314.jar
7f5368b65000-7f5368b66000 r--s 00008000 09:7f 21237367                   /home/lukasz/.m2/repository/org/eclipse/jetty/websocket/websocket-client/9.3.8.v20160314/websocket-client-9.3.8.v20160314.jar
7f5368b66000-7f5368b69000 r--s 00009000 09:7f 21237365                   /home/lukasz/.m2/repository/org/eclipse/jetty/websocket/websocket-api/9.3.8.v20160314/websocket-api-9.3.8.v20160314.jar
7f5368b69000-7f5368b6e000 r--s 0002a000 09:7f 21237364                   /home/lukasz/.m2/repository/org/eclipse/jetty/websocket/websocket-common/9.3.8.v20160314/websocket-common-9.3.8.v20160314.jar
7f5368b6e000-7f5368b6f000 r--s 00006000 09:7f 21237363                   /home/lukasz/.m2/repository/org/eclipse/jetty/websocket/websocket-server/9.3.8.v20160314/websocket-server-9.3.8.v20160314.jar
7f5368b6f000-7f5368b71000 r--s 00007000 09:7f 21235493                   /home/lukasz/.m2/repository/javax/websocket/javax.websocket-api/1.0/javax.websocket-api-1.0.jar
7f5368b71000-7f5368b76000 r--s 00022000 09:7f 21237359                   /home/lukasz/.m2/repository/org/eclipse/jetty/websocket/javax-websocket-client-impl/9.3.8.v20160314/javax-websocket-client-impl-9.3.8.v20160314.jar
7f5368b76000-7f5368b78000 r--s 00007000 09:7f 21237357                   /home/lukasz/.m2/repository/org/eclipse/jetty/websocket/javax-websocket-server-impl/9.3.8.v20160314/javax-websocket-server-impl-9.3.8.v20160314.jar
7f5368b78000-7f5368b7a000 r--s 00006000 09:7f 21235485                   /home/lukasz/.m2/repository/org/ow2/asm/asm-tree/5.0.1/asm-tree-5.0.1.jar
7f5368b7a000-7f5368b7c000 r--s 00009000 09:7f 21235484                   /home/lukasz/.m2/repository/org/ow2/asm/asm-commons/5.0.1/asm-commons-5.0.1.jar
7f5368b7c000-7f5368b7d000 r--s 0000c000 09:7f 21235482                   /home/lukasz/.m2/repository/org/ow2/asm/asm/5.0.1/asm-5.0.1.jar
7f5368b7d000-7f5368b7f000 r--s 00005000 09:7f 21105294                   /home/lukasz/.m2/repository/javax/annotation/javax.annotation-api/1.2/javax.annotation-api-1.2.jar
7f5368b7f000-7f5368b81000 r--s 00012000 09:7f 21237354                   /home/lukasz/.m2/repository/org/eclipse/jetty/jetty-annotations/9.3.8.v20160314/jetty-annotations-9.3.8.v20160314.jar
7f5368b81000-7f5368b82000 r--s 00005000 09:7f 21237352                   /home/lukasz/.m2/repository/org/eclipse/jetty/jetty-jmx/9.3.8.v20160314/jetty-jmx-9.3.8.v20160314.jar
7f5368b82000-7f5368b84000 r--s 00018000 09:7f 21237353                   /home/lukasz/.m2/repository/org/eclipse/jetty/jetty-io/9.3.8.v20160314/jetty-io-9.3.8.v20160314.jar
7f5368b84000-7f5368b87000 r--s 0001f000 09:7f 21237351                   /home/lukasz/.m2/repository/org/eclipse/jetty/jetty-http/9.3.8.v20160314/jetty-http-9.3.8.v20160314.jar
7f5368b87000-7f5368b8a000 r--s 00015000 09:7f 21233883                   /home/lukasz/.m2/repository/javax/servlet/javax.servlet-api/3.1.0/javax.servlet-api-3.1.0.jar
7f5368b8a000-7f5368b91000 r--s 00070000 09:7f 21237346                   /home/lukasz/.m2/repository/org/eclipse/jetty/jetty-server/9.3.8.v20160314/jetty-server-9.3.8.v20160314.jar
7f5368b91000-7f5368b92000 r--s 00009000 09:7f 21237345                   /home/lukasz/.m2/repository/org/eclipse/jetty/jetty-jndi/9.3.8.v20160314/jetty-jndi-9.3.8.v20160314.jar
7f5368b92000-7f5368b94000 r--s 0000c000 09:7f 21237344                   /home/lukasz/.m2/repository/org/eclipse/jetty/jetty-plus/9.3.8.v20160314/jetty-plus-9.3.8.v20160314.jar
7f5368b94000-7f5368b97000 r--s 00015000 09:7f 21237342                   /home/lukasz/.m2/repository/org/eclipse/jetty/jetty-security/9.3.8.v20160314/jetty-security-9.3.8.v20160314.jar
7f5368b97000-7f5368b99000 r--s 00008000 09:7f 21237338                   /home/lukasz/.m2/repository/org/eclipse/jetty/jetty-jaas/9.3.8.v20160314/jetty-jaas-9.3.8.v20160314.jar
7f5368b99000-7f5368b9b000 r--s 00007000 09:7f 21237336                   /home/lukasz/.m2/repository/org/eclipse/jetty/jetty-quickstart/9.3.8.v20160314/jetty-quickstart-9.3.8.v20160314.jar
7f5368b9b000-7f5368b9e000 r--s 0001a000 09:7f 21237332                   /home/lukasz/.m2/repository/org/eclipse/jetty/jetty-servlet/9.3.8.v20160314/jetty-servlet-9.3.8.v20160314.jar
7f5368b9e000-7f5368ba0000 r--s 0000b000 09:7f 21237335                   /home/lukasz/.m2/repository/org/eclipse/jetty/jetty-xml/9.3.8.v20160314/jetty-xml-9.3.8.v20160314.jar
7f5368ba0000-7f5368ba2000 r--s 0001a000 09:7f 21237334                   /home/lukasz/.m2/repository/org/eclipse/jetty/jetty-webapp/9.3.8.v20160314/jetty-webapp-9.3.8.v20160314.jar
7f5368ba2000-7f5368ba9000 r--s 00060000 09:7f 21237337                   /home/lukasz/.m2/repository/org/eclipse/jetty/jetty-util/9.3.8.v20160314/jetty-util-9.3.8.v20160314.jar
7f5368ba9000-7f5368da9000 rw-p 00000000 00:00 0 
7f5368da9000-7f5368dac000 ---p 00000000 00:00 0 
7f5368dac000-7f5368eaa000 rw-p 00000000 00:00 0 
7f5368eaa000-7f5368ead000 ---p 00000000 00:00 0 
7f5368ead000-7f5368fab000 rw-p 00000000 00:00 0 
7f5368fab000-7f5368fae000 ---p 00000000 00:00 0 
7f5368fae000-7f53690ac000 rw-p 00000000 00:00 0 
7f53690ac000-7f53690af000 ---p 00000000 00:00 0 
7f53690af000-7f53691ad000 rw-p 00000000 00:00 0 
7f53691ad000-7f53691b0000 ---p 00000000 00:00 0 
7f53691b0000-7f53692ae000 rw-p 00000000 00:00 0 
7f53692ae000-7f53692b1000 ---p 00000000 00:00 0 
7f53692b1000-7f53693af000 rw-p 00000000 00:00 0 
7f53693af000-7f53693b2000 ---p 00000000 00:00 0 
7f53693b2000-7f53696b0000 rw-p 00000000 00:00 0 
7f53696b0000-7f53696c1000 r-xp 00000000 09:00 409320                     /opt/jdk1.8.0_60/jre/lib/amd64/libnio.so
7f53696c1000-7f53698c0000 ---p 00011000 09:00 409320                     /opt/jdk1.8.0_60/jre/lib/amd64/libnio.so
7f53698c0000-7f53698c1000 rw-p 00010000 09:00 409320                     /opt/jdk1.8.0_60/jre/lib/amd64/libnio.so
7f53698c1000-7f53698d7000 r-xp 00000000 09:00 409294                     /opt/jdk1.8.0_60/jre/lib/amd64/libnet.so
7f53698d7000-7f5369ad7000 ---p 00016000 09:00 409294                     /opt/jdk1.8.0_60/jre/lib/amd64/libnet.so
7f5369ad7000-7f5369ad8000 rw-p 00016000 09:00 409294                     /opt/jdk1.8.0_60/jre/lib/amd64/libnet.so
7f5369ad8000-7f5369cd8000 rw-p 00000000 00:00 0 
7f5369cd8000-7f5369ed8000 rw-p 00000000 00:00 0 
7f5369ed8000-7f5369ed9000 ---p 00000000 00:00 0 
7f5369ed9000-7f5369fd9000 rw-p 00000000 00:00 0 
7f5369fd9000-7f5369fdc000 ---p 00000000 00:00 0 
7f5369fdc000-7f536a0da000 rw-p 00000000 00:00 0 
7f536a0da000-7f536a0dd000 ---p 00000000 00:00 0 
7f536a0dd000-7f536a1db000 rw-p 00000000 00:00 0 
7f536a1db000-7f536a1de000 ---p 00000000 00:00 0 
7f536a1de000-7f536a2dc000 rw-p 00000000 00:00 0 
7f536a2dc000-7f536a2df000 ---p 00000000 00:00 0 
7f536a2df000-7f536a3dd000 rw-p 00000000 00:00 0 
7f536a3dd000-7f536a3e0000 ---p 00000000 00:00 0 
7f536a3e0000-7f536a4de000 rw-p 00000000 00:00 0 
7f536a4de000-7f536a4e1000 ---p 00000000 00:00 0 
7f536a4e1000-7f536a5df000 rw-p 00000000 00:00 0 
7f536a5df000-7f536a5e2000 ---p 00000000 00:00 0 
7f536a5e2000-7f536a6e0000 rw-p 00000000 00:00 0 
7f536a6e0000-7f536a6e3000 ---p 00000000 00:00 0 
7f536a6e3000-7f536a7e1000 rw-p 00000000 00:00 0 
7f536a7e1000-7f536a7e2000 ---p 00000000 00:00 0 
7f536a7e2000-7f536c000000 rw-p 00000000 00:00 0 
7f536c000000-7f536c021000 rw-p 00000000 00:00 0 
7f536c021000-7f5370000000 ---p 00000000 00:00 0 
7f5370000000-7f5370003000 r--s 00013000 09:7f 21238250                   /home/lukasz/work/git/imex-central/icentral/target/icentral/WEB-INF/lib/ic-persist-1.99.jar
7f5370003000-7f537000b000 r--s 00049000 09:7f 6034426                    /home/lukasz/.m2/repository/backport-util-concurrent/backport-util-concurrent/3.1/backport-util-concurrent-3.1.jar
7f537000b000-7f537000d000 r--s 00004000 09:7f 21105429                   /home/lukasz/.m2/repository/org/apache/maven/plugin-tools/maven-plugin-tools-api/3.4/maven-plugin-tools-api-3.4.jar
7f537000d000-7f537000f000 r--s 00002000 09:7f 6164585                    /home/lukasz/.m2/repository/org/sonatype/plexus/plexus-cipher/1.4/plexus-cipher-1.4.jar
7f537000f000-7f5370010000 r--s 00006000 09:7f 6164584                    /home/lukasz/.m2/repository/org/sonatype/plexus/plexus-sec-dispatcher/1.3/plexus-sec-dispatcher-1.3.jar
7f5370010000-7f5370012000 r--s 00000000 09:7f 6164816                    /home/lukasz/.m2/repository/org/codehaus/plexus/plexus-component-annotations/1.5.5/plexus-component-annotations-1.5.5.jar
7f5370012000-7f5370014000 r--s 0000d000 09:7f 6164815                    /home/lukasz/.m2/repository/org/codehaus/plexus/plexus-interpolation/1.14/plexus-interpolation-1.14.jar
7f5370014000-7f5370018000 r--s 0001a000 09:7f 20713736                   /home/lukasz/.m2/repository/org/sonatype/aether/aether-util/1.11/aether-util-1.11.jar
7f5370018000-7f537001c000 r--s 00033000 09:7f 14029395                   /home/lukasz/.m2/repository/org/codehaus/plexus/plexus-utils/2.0.6/plexus-utils-2.0.6.jar
7f537001c000-7f5370028000 r--s 0006b000 09:7f 17042816                   /home/lukasz/.m2/repository/org/sonatype/sisu/sisu-guice/2.9.4/sisu-guice-2.9.4-no_aop.jar
7f5370028000-7f537002e000 r--s 00033000 09:7f 16911367                   /home/lukasz/.m2/repository/org/sonatype/sisu/sisu-inject-bean/2.1.1/sisu-inject-bean-2.1.1.jar
7f537002e000-7f5370030000 r--s 00005000 09:7f 5898764                    /home/lukasz/.m2/repository/org/slf4j/slf4j-api/1.6.1/slf4j-api-1.6.1.jar
7f5370030000-7f5370039000 r--s 0006d000 09:7f 6029791                    /home/lukasz/.m2/repository/log4j/log4j/1.2.16/log4j-1.2.16.jar
7f5370039000-7f537003b000 r--s 00017000 09:7f 8394380                    /home/lukasz/.m2/repository/org/eclipse/jetty/jetty-maven-plugin/9.3.8.v20160314/jetty-maven-plugin-9.3.8.v20160314.jar
7f537003b000-7f537003d000 r--s 00026000 09:7f 5899282                    /home/lukasz/.m2/repository/org/codehaus/plexus/plexus-utils/1.0.4/plexus-utils-1.0.4.jar
7f537003d000-7f5370040000 r--s 00020000 09:7f 5899180                    /home/lukasz/.m2/repository/org/codehaus/plexus/plexus-archiver/1.0-alpha-7/plexus-archiver-1.0-alpha-7.jar
7f5370040000-7f5370041000 r--s 00002000 09:7f 5768383                    /home/lukasz/.m2/repository/org/apache/maven/maven-archiver/2.2/maven-archiver-2.2.jar
7f5370041000-7f5370042000 r--s 00006000 09:7f 5768702                    /home/lukasz/.m2/repository/org/apache/maven/plugins/maven-war-plugin/2.0.2/maven-war-plugin-2.0.2.jar
7f5370042000-7f5370043000 r--s 00002000 09:7f 5898242                    /home/lukasz/.m2/repository/org/apache/maven/reporting/maven-reporting-api/2.0.9/maven-reporting-api-2.0.9.jar
7f5370043000-7f5370046000 r--s 00034000 09:7f 5899313                    /home/lukasz/.m2/repository/org/codehaus/plexus/plexus-utils/2.1/plexus-utils-2.1.jar
7f5370046000-7f5370048000 r--s 00006000 09:7f 5768620                    /home/lukasz/.m2/repository/org/apache/maven/shared/maven-common-artifact-filters/1.3/maven-common-artifact-filters-1.3.jar
7f5370048000-7f537004a000 r--s 0000d000 09:7f 5768421                    /home/lukasz/.m2/repository/org/apache/maven/surefire/maven-surefire-common/2.10/maven-surefire-common-2.10.jar
7f537004a000-7f537004f000 r--s 00023000 09:7f 5768404                    /home/lukasz/.m2/repository/org/apache/maven/surefire/surefire-api/2.10/surefire-api-2.10.jar
7f537004f000-7f5370051000 r--s 00007000 09:7f 5768427                    /home/lukasz/.m2/repository/org/apache/maven/surefire/surefire-booter/2.10/surefire-booter-2.10.jar
7f5370051000-7f5370053000 r--s 00006000 09:7f 5768694                    /home/lukasz/.m2/repository/org/apache/maven/plugins/maven-surefire-plugin/2.10/maven-surefire-plugin-2.10.jar
7f5370053000-7f5370055000 r--s 00002000 09:7f 5899250                    /home/lukasz/.m2/repository/org/codehaus/plexus/plexus-compiler-javac/1.8.6/plexus-compiler-javac-1.8.6.jar
7f5370055000-7f5370057000 r--s 00000000 09:7f 5899064                    /home/lukasz/.m2/repository/org/codehaus/plexus/plexus-compiler-manager/1.8.6/plexus-compiler-manager-1.8.6.jar
7f5370057000-7f5370058000 r--s 00004000 09:7f 5899229                    /home/lukasz/.m2/repository/org/codehaus/plexus/plexus-compiler-api/1.8.6/plexus-compiler-api-1.8.6.jar
7f5370058000-7f537005c000 r--s 00034000 09:7f 5899328                    /home/lukasz/.m2/repository/org/codehaus/plexus/plexus-utils/3.0/plexus-utils-3.0.jar
7f537005c000-7f537005e000 r--s 0000d000 09:7f 5899118                    /home/lukasz/.m2/repository/org/codehaus/plexus/plexus-interpolation/1.13/plexus-interpolation-1.13.jar
7f537005e000-7f537005f000 r--s 00001000 09:7f 5898855                    /home/lukasz/.m2/repository/org/sonatype/plexus/plexus-build-api/0.0.4/plexus-build-api-0.0.4.jar
7f537005f000-7f5370061000 r--s 00009000 09:7f 5768641                    /home/lukasz/.m2/repository/org/apache/maven/shared/maven-filtering/1.0/maven-filtering-1.0.jar
7f5370061000-7f5370065000 r--s 00033000 09:7f 5899348                    /home/lukasz/.m2/repository/org/codehaus/plexus/plexus-utils/2.0.5/plexus-utils-2.0.5.jar
7f5370065000-7f5370068000 r--s 0001b000 09:7f 6029655                    /home/lukasz/.m2/repository/junit/junit/3.8.1/junit-3.8.1.jar
7f5370068000-7f537006a000 r--s 00002000 09:7f 5899094                    /home/lukasz/.m2/repository/org/codehaus/plexus/plexus-interactivity-api/1.0-alpha-4/plexus-interactivity-api-1.0-alpha-4.jar
7f537006a000-7f537006c000 r--s 00006000 09:7f 5767486                    /home/lukasz/.m2/repository/commons-cli/commons-cli/1.0/commons-cli-1.0.jar
7f537006c000-7f537006f000 ---p 00000000 00:00 0 
7f537006f000-7f53700a5000 rw-p 00000000 00:00 0 
7f53700a5000-7f53700a9000 r--s 00033000 09:00 2626697                    /opt/apache-maven-3.0.4/lib/plexus-utils-2.0.6.jar
7f53700a9000-7f53700b1000 r--s 00050000 09:00 2626709                    /opt/apache-maven-3.0.4/lib/sisu-guice-3.1.0-no_aop.jar
7f53700b1000-7f53700b5000 r--s 00021000 09:00 2626691                    /opt/apache-maven-3.0.4/lib/maven-model-builder-3.0.4.jar
7f53700b5000-7f53700d4000 r--s 00152000 09:00 2626701                    /opt/apache-maven-3.0.4/lib/sisu-guava-0.9.9.jar
7f53700d4000-7f5370628000 rw-p 00000000 00:00 0 
7f5370628000-7f5370800000 r--s 03d17000 09:00 409337                     /opt/jdk1.8.0_60/jre/lib/rt.jar
7f5370800000-7f5371000000 rw-p 00000000 00:00 0 
7f5371000000-7f5371dc0000 rwxp 00000000 00:00 0 
7f5371dc0000-7f5380000000 ---p 00000000 00:00 0 
7f5380000000-7f538140e000 rw-p 00000000 00:00 0 
7f538140e000-7f5384000000 ---p 00000000 00:00 0 
7f5384000000-7f5384001000 r--s 00007000 09:7f 5768729                    /home/lukasz/.m2/repository/org/apache/maven/plugins/maven-compiler-plugin/2.4/maven-compiler-plugin-2.4.jar
7f5384001000-7f5384002000 r--s 00001000 09:7f 5769010                    /home/lukasz/.m2/repository/org/apache/maven/doxia/doxia-sink-api/1.0-alpha-7/doxia-sink-api-1.0-alpha-7.jar
7f5384002000-7f5384003000 r--s 00002000 09:7f 5898250                    /home/lukasz/.m2/repository/org/apache/maven/reporting/maven-reporting-api/2.0.6/maven-reporting-api-2.0.6.jar
7f5384003000-7f5384005000 r--s 00005000 09:7f 5768844                    /home/lukasz/.m2/repository/org/apache/maven/plugins/maven-resources-plugin/2.5/maven-resources-plugin-2.5.jar
7f5384005000-7f5384006000 r--p 00000000 00:00 0 
7f5384006000-7f538400a000 r--s 00095000 09:00 409340                     /opt/jdk1.8.0_60/jre/lib/jsse.jar
7f538400a000-7f538400c000 r--s 00000000 09:00 2626703                    /opt/apache-maven-3.0.4/lib/plexus-component-annotations-1.5.5.jar
7f538400c000-7f538400e000 r--s 00006000 09:00 2626708                    /opt/apache-maven-3.0.4/lib/aether-connector-wagon-1.13.1.jar
7f538400e000-7f5384014000 r--s 0003f000 09:00 2626710                    /opt/apache-maven-3.0.4/lib/maven-compat-3.0.4.jar
7f5384014000-7f5384016000 r--s 0000b000 09:00 2626688                    /opt/apache-maven-3.0.4/lib/wagon-provider-api-2.2.jar
7f5384016000-7f5384018000 r--s 00002000 09:00 2626689                    /opt/apache-maven-3.0.4/lib/plexus-cipher-1.7.jar
7f5384018000-7f538401a000 r--s 0000b000 09:00 2626714                    /opt/apache-maven-3.0.4/lib/maven-plugin-api-3.0.4.jar
7f538401a000-7f538401d000 r--s 00008000 09:00 2626685                    /opt/apache-maven-3.0.4/lib/maven-settings-builder-3.0.4.jar
7f538401d000-7f5384030000 r--s 000af000 09:00 2626706                    /opt/apache-maven-3.0.4/lib/wagon-http-2.2-shaded.jar
7f5384030000-7f53862a6000 rw-p 00000000 00:00 0 
7f53862a6000-7f53862a7000 ---p 00000000 00:00 0 
7f53862a7000-7f53863a7000 rw-p 00000000 00:00 0 
7f53863a7000-7f53863a8000 ---p 00000000 00:00 0 
7f53863a8000-7f53864a8000 rw-p 00000000 00:00 0 
7f53864a8000-7f53864a9000 ---p 00000000 00:00 0 
7f53864a9000-7f53865a9000 rw-p 00000000 00:00 0 
7f53865a9000-7f53865aa000 ---p 00000000 00:00 0 
7f53865aa000-7f53866aa000 rw-p 00000000 00:00 0 
7f53866aa000-7f53866ab000 ---p 00000000 00:00 0 
7f53866ab000-7f53867ab000 rw-p 00000000 00:00 0 
7f53867ab000-7f53867ac000 ---p 00000000 00:00 0 
7f53867ac000-7f53868ac000 rw-p 00000000 00:00 0 
7f53868ac000-7f53868ad000 ---p 00000000 00:00 0 
7f53868ad000-7f53869ad000 rw-p 00000000 00:00 0 
7f53869ad000-7f53869ae000 ---p 00000000 00:00 0 
7f53869ae000-7f5386e3c000 rw-p 00000000 00:00 0 
7f5386e3c000-7f53871c5000 ---p 00000000 00:00 0 
7f53871c5000-7f53871df000 r-xp 00000000 09:00 409289                     /opt/jdk1.8.0_60/jre/lib/amd64/libzip.so
7f53871df000-7f53873df000 ---p 0001a000 09:00 409289                     /opt/jdk1.8.0_60/jre/lib/amd64/libzip.so
7f53873df000-7f53873e0000 rw-p 0001a000 09:00 409289                     /opt/jdk1.8.0_60/jre/lib/amd64/libzip.so
7f53873e0000-7f53873eb000 r-xp 00000000 09:00 11545113                   /lib64/libnss_ldap.so.2
7f53873eb000-7f53875ea000 ---p 0000b000 09:00 11545113                   /lib64/libnss_ldap.so.2
7f53875ea000-7f53875eb000 rw-p 0000a000 09:00 11545113                   /lib64/libnss_ldap.so.2
7f53875eb000-7f53875f7000 r-xp 00000000 09:00 11545047                   /lib64/libnss_files-2.12.so
7f53875f7000-7f53877f7000 ---p 0000c000 09:00 11545047                   /lib64/libnss_files-2.12.so
7f53877f7000-7f53877f8000 r--p 0000c000 09:00 11545047                   /lib64/libnss_files-2.12.so
7f53877f8000-7f53877f9000 rw-p 0000d000 09:00 11545047                   /lib64/libnss_files-2.12.so
7f53877f9000-7f5387823000 r-xp 00000000 09:00 409268                     /opt/jdk1.8.0_60/jre/lib/amd64/libjava.so
7f5387823000-7f5387a23000 ---p 0002a000 09:00 409268                     /opt/jdk1.8.0_60/jre/lib/amd64/libjava.so
7f5387a23000-7f5387a25000 rw-p 0002a000 09:00 409268                     /opt/jdk1.8.0_60/jre/lib/amd64/libjava.so
7f5387a25000-7f5387a32000 r-xp 00000000 09:00 409283                     /opt/jdk1.8.0_60/jre/lib/amd64/libverify.so
7f5387a32000-7f5387c32000 ---p 0000d000 09:00 409283                     /opt/jdk1.8.0_60/jre/lib/amd64/libverify.so
7f5387c32000-7f5387c34000 rw-p 0000d000 09:00 409283                     /opt/jdk1.8.0_60/jre/lib/amd64/libverify.so
7f5387c34000-7f5387c3b000 r-xp 00000000 09:00 11545059                   /lib64/librt-2.12.so
7f5387c3b000-7f5387e3a000 ---p 00007000 09:00 11545059                   /lib64/librt-2.12.so
7f5387e3a000-7f5387e3b000 r--p 00006000 09:00 11545059                   /lib64/librt-2.12.so
7f5387e3b000-7f5387e3c000 rw-p 00007000 09:00 11545059                   /lib64/librt-2.12.so
7f5387e3c000-7f5387ebf000 r-xp 00000000 09:00 11545252                   /lib64/libm-2.12.so
7f5387ebf000-7f53880be000 ---p 00083000 09:00 11545252                   /lib64/libm-2.12.so
7f53880be000-7f53880bf000 r--p 00082000 09:00 11545252                   /lib64/libm-2.12.so
7f53880bf000-7f53880c0000 rw-p 00083000 09:00 11545252                   /lib64/libm-2.12.so
7f53880c0000-7f5388d7e000 r-xp 00000000 09:00 409304                     /opt/jdk1.8.0_60/jre/lib/amd64/server/libjvm.so
7f5388d7e000-7f5388f7d000 ---p 00cbe000 09:00 409304                     /opt/jdk1.8.0_60/jre/lib/amd64/server/libjvm.so
7f5388f7d000-7f5389055000 rw-p 00cbd000 09:00 409304                     /opt/jdk1.8.0_60/jre/lib/amd64/server/libjvm.so
7f5389055000-7f538909a000 rw-p 00000000 00:00 0 
7f538909a000-7f5389223000 r-xp 00000000 09:00 11545073                   /lib64/libc-2.12.so
7f5389223000-7f5389423000 ---p 00189000 09:00 11545073                   /lib64/libc-2.12.so
7f5389423000-7f5389427000 r--p 00189000 09:00 11545073                   /lib64/libc-2.12.so
7f5389427000-7f5389428000 rw-p 0018d000 09:00 11545073                   /lib64/libc-2.12.so
7f5389428000-7f538942d000 rw-p 00000000 00:00 0 
7f538942d000-7f538942f000 r-xp 00000000 09:00 11545162                   /lib64/libdl-2.12.so
7f538942f000-7f538962f000 ---p 00002000 09:00 11545162                   /lib64/libdl-2.12.so
7f538962f000-7f5389630000 r--p 00002000 09:00 11545162                   /lib64/libdl-2.12.so
7f5389630000-7f5389631000 rw-p 00003000 09:00 11545162                   /lib64/libdl-2.12.so
7f5389631000-7f5389646000 r-xp 00000000 09:00 9058860                    /opt/jdk1.8.0_60/lib/amd64/jli/libjli.so
7f5389646000-7f5389846000 ---p 00015000 09:00 9058860                    /opt/jdk1.8.0_60/lib/amd64/jli/libjli.so
7f5389846000-7f5389847000 rw-p 00015000 09:00 9058860                    /opt/jdk1.8.0_60/lib/amd64/jli/libjli.so
7f5389847000-7f538985e000 r-xp 00000000 09:00 11545161                   /lib64/libpthread-2.12.so
7f538985e000-7f5389a5e000 ---p 00017000 09:00 11545161                   /lib64/libpthread-2.12.so
7f5389a5e000-7f5389a5f000 r--p 00017000 09:00 11545161                   /lib64/libpthread-2.12.so
7f5389a5f000-7f5389a60000 rw-p 00018000 09:00 11545161                   /lib64/libpthread-2.12.so
7f5389a60000-7f5389a64000 rw-p 00000000 00:00 0 
7f5389a64000-7f5389a84000 r-xp 00000000 09:00 11545154                   /lib64/ld-2.12.so
7f5389a84000-7f5389a86000 r--s 00009000 09:00 2626700                    /opt/apache-maven-3.0.4/lib/commons-cli-1.2.jar
7f5389a86000-7f5389a88000 r--s 00026000 09:00 2626687                    /opt/apache-maven-3.0.4/lib/maven-model-3.0.4.jar
7f5389a88000-7f5389a8e000 r--s 0002c000 09:00 2626699                    /opt/apache-maven-3.0.4/lib/sisu-inject-plexus-2.3.0.jar
7f5389a8e000-7f5389a90000 r--s 0000d000 09:00 2626686                    /opt/apache-maven-3.0.4/lib/plexus-interpolation-1.14.jar
7f5389a90000-7f5389a93000 r--s 0001d000 09:00 2626693                    /opt/apache-maven-3.0.4/lib/aether-impl-1.13.1.jar
7f5389a93000-7f5389a95000 r--s 00006000 09:00 2626704                    /opt/apache-maven-3.0.4/lib/maven-repository-metadata-3.0.4.jar
7f5389a95000-7f5389a97000 r--s 0000b000 09:00 2626707                    /opt/apache-maven-3.0.4/lib/maven-artifact-3.0.4.jar
7f5389a97000-7f5389a98000 r--s 00006000 09:00 2626692                    /opt/apache-maven-3.0.4/lib/plexus-sec-dispatcher-1.3.jar
7f5389a98000-7f5389a9c000 r--s 0001c000 09:00 2626705                    /opt/apache-maven-3.0.4/lib/aether-util-1.13.1.jar
7f5389a9c000-7f5389aa8000 r--s 0007d000 09:00 2626713                    /opt/apache-maven-3.0.4/lib/maven-core-3.0.4.jar
7f5389aa8000-7f5389aab000 r--s 00013000 09:00 2626695                    /opt/apache-maven-3.0.4/lib/aether-api-1.13.1.jar
7f5389aab000-7f5389aad000 r--s 0000c000 09:00 2626702                    /opt/apache-maven-3.0.4/lib/maven-aether-provider-3.0.4.jar
7f5389aad000-7f5389aaf000 r--s 0000a000 09:00 2626715                    /opt/apache-maven-3.0.4/lib/maven-settings-3.0.4.jar
7f5389aaf000-7f5389ab0000 r--s 00002000 09:00 2626696                    /opt/apache-maven-3.0.4/lib/wagon-file-2.2.jar
7f5389ab0000-7f5389ab7000 r--s 00040000 09:00 2626690                    /opt/apache-maven-3.0.4/lib/sisu-inject-bean-2.3.0.jar
7f5389ab7000-7f5389ab8000 r--s 00003000 09:00 2626698                    /opt/apache-maven-3.0.4/lib/aether-spi-1.13.1.jar
7f5389ab8000-7f5389aba000 r--s 0000a000 09:00 2626677                    /opt/apache-maven-3.0.4/boot/plexus-classworlds-2.4.jar
7f5389aba000-7f5389b72000 rw-p 00000000 00:00 0 
7f5389b72000-7f5389b75000 ---p 00000000 00:00 0 
7f5389b75000-7f5389c77000 rw-p 00000000 00:00 0 
7f5389c77000-7f5389c78000 r--s 0000a000 09:00 2626694                    /opt/apache-maven-3.0.4/lib/maven-embedder-3.0.4.jar
7f5389c78000-7f5389c80000 rw-s 00000000 09:00 10506494                   /tmp/hsperfdata_lukasz/876
7f5389c80000-7f5389c81000 rw-p 00000000 00:00 0 
7f5389c81000-7f5389c82000 ---p 00000000 00:00 0 
7f5389c82000-7f5389c83000 rw-p 00000000 00:00 0 
7f5389c83000-7f5389c84000 r--p 0001f000 09:00 11545154                   /lib64/ld-2.12.so
7f5389c84000-7f5389c85000 rw-p 00020000 09:00 11545154                   /lib64/ld-2.12.so
7f5389c85000-7f5389c86000 rw-p 00000000 00:00 0 
7fff1b098000-7fff1b0ad000 rw-p 00000000 00:00 0                          [stack]
7fff1b0d2000-7fff1b0d4000 r-xp 00000000 00:00 0                          [vdso]
ffffffffff600000-ffffffffff601000 r-xp 00000000 00:00 0                  [vsyscall]

VM Arguments:
jvm_args: -Xms1024m -Xmx1024m -Dclassworlds.conf=/opt/maven/bin/m2.conf -Dmaven.home=/opt/maven 
java_command: org.codehaus.plexus.classworlds.launcher.Launcher jetty:run-war
java_class_path (initial): /opt/maven/boot/plexus-classworlds-2.4.jar
Launcher Type: SUN_STANDARD

Environment Variables:
JAVA_HOME=/opt/java
PATH=/home/lukasz/bin:/home/lukasz/local/bin:/opt/java/bin:/opt/ant/bin:/opt/maven/bin:/opt/eclipse:/usr/local/bin:/sbin:/usr/bin/X11:/usr/local/bin:/bin:/usr/bin
LD_LIBRARY_PATH=/usr/local/mozilla:/usr/lib
SHELL=/bin/tcsh
HOSTTYPE=x86_64-linux
OSTYPE=linux
MACHTYPE=x86_64

Signal Handlers:
SIGSEGV: [libjvm.so+0xaba070], sa_mask[0]=11111111011111111101111111111110, sa_flags=SA_RESTART|SA_SIGINFO
SIGBUS: [libjvm.so+0xaba070], sa_mask[0]=11111111011111111101111111111110, sa_flags=SA_RESTART|SA_SIGINFO
SIGFPE: [libjvm.so+0x917630], sa_mask[0]=11111111011111111101111111111110, sa_flags=SA_RESTART|SA_SIGINFO
SIGPIPE: [libjvm.so+0x917630], sa_mask[0]=11111111011111111101111111111110, sa_flags=SA_RESTART|SA_SIGINFO
SIGXFSZ: [libjvm.so+0x917630], sa_mask[0]=11111111011111111101111111111110, sa_flags=SA_RESTART|SA_SIGINFO
SIGILL: [libjvm.so+0x917630], sa_mask[0]=11111111011111111101111111111110, sa_flags=SA_RESTART|SA_SIGINFO
SIGUSR1: SIG_DFL, sa_mask[0]=00000000000000000000000000000000, sa_flags=none
SIGUSR2: [libjvm.so+0x918c60], sa_mask[0]=00000000000000000000000000000000, sa_flags=SA_RESTART|SA_SIGINFO
SIGHUP: [libjvm.so+0x91a060], sa_mask[0]=11111111011111111101111111111110, sa_flags=SA_RESTART|SA_SIGINFO
SIGINT: [libjvm.so+0x91a060], sa_mask[0]=11111111011111111101111111111110, sa_flags=SA_RESTART|SA_SIGINFO
SIGTERM: [libjvm.so+0x91a060], sa_mask[0]=11111111011111111101111111111110, sa_flags=SA_RESTART|SA_SIGINFO
SIGQUIT: [libjvm.so+0x91a060], sa_mask[0]=11111111011111111101111111111110, sa_flags=SA_RESTART|SA_SIGINFO


---------------  S Y S T E M  ---------------

OS:CentOS release 6.3 (Final)

uname:Linux 2.6.32-042stab061.2 #1 SMP Fri Aug 24 09:07:21 MSK 2012 x86_64
libc:glibc 2.12 NPTL 2.12 
rlimit: STACK 10240k, CORE 0k, NPROC 1024, NOFILE 4096, AS infinity
load average:1.10 0.23 0.07

/proc/meminfo:
MemTotal:        2621440 kB
MemFree:            1212 kB
Cached:           986368 kB
Active:          1825920 kB
Inactive:         745572 kB
Active(anon):    1377992 kB
Inactive(anon):   207132 kB
Active(file):     447928 kB
Inactive(file):   538440 kB
Unevictable:           0 kB
Mlocked:               0 kB
SwapTotal:        524288 kB
SwapFree:         524288 kB
Dirty:             51544 kB
Writeback:             0 kB
AnonPages:       1585124 kB
Shmem:             10756 kB
Slab:              48552 kB
SReclaimable:      33292 kB
SUnreclaim:        15260 kB


CPU:total 12 (4 cores per cpu, 1 threads per core) family 16 model 4 stepping 2, cmov, cx8, fxsr, mmx, sse, sse2, sse3, popcnt, mmxext, 3dnowpref, lzcnt, sse4a, tsc, tscinvbit, tscinv

/proc/cpuinfo:
processor	: 0
vendor_id	: AuthenticAMD
cpu family	: 16
model		: 4
model name	: Quad-Core AMD Opteron(tm) Processor 2389
stepping	: 2
cpu MHz		: 2914.969
cache size	: 512 KB
physical id	: 0
siblings	: 4
core id		: 0
cpu cores	: 4
apicid		: 0
initial apicid	: 0
fpu		: yes
fpu_exception	: yes
cpuid level	: 5
wp		: yes
flags		: fpu vme de pse tsc msr pae mce cx8 apic sep mtrr pge mca cmov pat pse36 clflush mmx fxsr sse sse2 ht syscall nx mmxext fxsr_opt pdpe1gb rdtscp lm 3dnowext 3dnow constant_tsc rep_good nonstop_tsc extd_apicid pni monitor cx16 popcnt lahf_lm cmp_legacy svm extapic cr8_legacy abm sse4a misalignsse 3dnowprefetch osvw ibs skinit wdt npt lbrv svm_lock nrip_save
bogomips	: 5829.93
TLB size	: 1024 4K pages
clflush size	: 64
cache_alignment	: 64
address sizes	: 48 bits physical, 48 bits virtual
power management: ts ttp tm stc 100mhzsteps hwpstate

processor	: 1
vendor_id	: AuthenticAMD
cpu family	: 16
model		: 4
model name	: Quad-Core AMD Opteron(tm) Processor 2389
stepping	: 2
cpu MHz		: 2914.969
cache size	: 512 KB
physical id	: 0
siblings	: 4
core id		: 1
cpu cores	: 4
apicid		: 1
initial apicid	: 1
fpu		: yes
fpu_exception	: yes
cpuid level	: 5
wp		: yes
flags		: fpu vme de pse tsc msr pae mce cx8 apic sep mtrr pge mca cmov pat pse36 clflush mmx fxsr sse sse2 ht syscall nx mmxext fxsr_opt pdpe1gb rdtscp lm 3dnowext 3dnow constant_tsc rep_good nonstop_tsc extd_apicid pni monitor cx16 popcnt lahf_lm cmp_legacy svm extapic cr8_legacy abm sse4a misalignsse 3dnowprefetch osvw ibs skinit wdt npt lbrv svm_lock nrip_save
bogomips	: 5829.93
TLB size	: 1024 4K pages
clflush size	: 64
cache_alignment	: 64
address sizes	: 48 bits physical, 48 bits virtual
power management: ts ttp tm stc 100mhzsteps hwpstate

processor	: 2
vendor_id	: AuthenticAMD
cpu family	: 16
model		: 4
model name	: Quad-Core AMD Opteron(tm) Processor 2389
stepping	: 2
cpu MHz		: 2914.969
cache size	: 512 KB
physical id	: 0
siblings	: 4
core id		: 2
cpu cores	: 4
apicid		: 2
initial apicid	: 2
fpu		: yes
fpu_exception	: yes
cpuid level	: 5
wp		: yes
flags		: fpu vme de pse tsc msr pae mce cx8 apic sep mtrr pge mca cmov pat pse36 clflush mmx fxsr sse sse2 ht syscall nx mmxext fxsr_opt pdpe1gb rdtscp lm 3dnowext 3dnow constant_tsc rep_good nonstop_tsc extd_apicid pni monitor cx16 popcnt lahf_lm cmp_legacy svm extapic cr8_legacy abm sse4a misalignsse 3dnowprefetch osvw ibs skinit wdt npt lbrv svm_lock nrip_save
bogomips	: 5829.93
TLB size	: 1024 4K pages
clflush size	: 64
cache_alignment	: 64
address sizes	: 48 bits physical, 48 bits virtual
power management: ts ttp tm stc 100mhzsteps hwpstate

processor	: 3
vendor_id	: AuthenticAMD
cpu family	: 16
model		: 4
model name	: Quad-Core AMD Opteron(tm) Processor 2389
stepping	: 2
cpu MHz		: 2914.969
cache size	: 512 KB
physical id	: 0
siblings	: 4
core id		: 3
cpu cores	: 4
apicid		: 3
initial apicid	: 3
fpu		: yes
fpu_exception	: yes
cpuid level	: 5
wp		: yes
flags		: fpu vme de pse tsc msr pae mce cx8 apic sep mtrr pge mca cmov pat pse36 clflush mmx fxsr sse sse2 ht syscall nx mmxext fxsr_opt pdpe1gb rdtscp lm 3dnowext 3dnow constant_tsc rep_good nonstop_tsc extd_apicid pni monitor cx16 popcnt lahf_lm cmp_legacy svm extapic cr8_legacy abm sse4a misalignsse 3dnowprefetch osvw ibs skinit wdt npt lbrv svm_lock nrip_save
bogomips	: 5829.93
TLB size	: 1024 4K pages
clflush size	: 64
cache_alignment	: 64
address sizes	: 48 bits physical, 48 bits virtual
power management: ts ttp tm stc 100mhzsteps hwpstate

processor	: 4
vendor_id	: AuthenticAMD
cpu family	: 16
model		: 4
model name	: Quad-Core AMD Opteron(tm) Processor 2389
stepping	: 2
cpu MHz		: 2914.969
cache size	: 512 KB
physical id	: 1
siblings	: 4
core id		: 0
cpu cores	: 4
apicid		: 4
initial apicid	: 4
fpu		: yes
fpu_exception	: yes
cpuid level	: 5
wp		: yes
flags		: fpu vme de pse tsc msr pae mce cx8 apic sep mtrr pge mca cmov pat pse36 clflush mmx fxsr sse sse2 ht syscall nx mmxext fxsr_opt pdpe1gb rdtscp lm 3dnowext 3dnow constant_tsc rep_good nonstop_tsc extd_apicid pni monitor cx16 popcnt lahf_lm cmp_legacy svm extapic cr8_legacy abm sse4a misalignsse 3dnowprefetch osvw ibs skinit wdt npt lbrv svm_lock nrip_save
bogomips	: 5829.24
TLB size	: 1024 4K pages
clflush size	: 64
cache_alignment	: 64
address sizes	: 48 bits physical, 48 bits virtual
power management: ts ttp tm stc 100mhzsteps hwpstate

processor	: 5
vendor_id	: AuthenticAMD
cpu family	: 16
model		: 4
model name	: Quad-Core AMD Opteron(tm) Processor 2389
stepping	: 2
cpu MHz		: 2914.969
cache size	: 512 KB
physical id	: 1
siblings	: 4
core id		: 1
cpu cores	: 4
apicid		: 5
initial apicid	: 5
fpu		: yes
fpu_exception	: yes
cpuid level	: 5
wp		: yes
flags		: fpu vme de pse tsc msr pae mce cx8 apic sep mtrr pge mca cmov pat pse36 clflush mmx fxsr sse sse2 ht syscall nx mmxext fxsr_opt pdpe1gb rdtscp lm 3dnowext 3dnow constant_tsc rep_good nonstop_tsc extd_apicid pni monitor cx16 popcnt lahf_lm cmp_legacy svm extapic cr8_legacy abm sse4a misalignsse 3dnowprefetch osvw ibs skinit wdt npt lbrv svm_lock nrip_save
bogomips	: 5829.24
TLB size	: 1024 4K pages
clflush size	: 64
cache_alignment	: 64
address sizes	: 48 bits physical, 48 bits virtual
power management: ts ttp tm stc 100mhzsteps hwpstate

processor	: 6
vendor_id	: AuthenticAMD
cpu family	: 16
model		: 4
model name	: Quad-Core AMD Opteron(tm) Processor 2389
stepping	: 2
cpu MHz		: 2914.969
cache size	: 512 KB
physical id	: 1
siblings	: 4
core id		: 2
cpu cores	: 4
apicid		: 6
initial apicid	: 6
fpu		: yes
fpu_exception	: yes
cpuid level	: 5
wp		: yes
flags		: fpu vme de pse tsc msr pae mce cx8 apic sep mtrr pge mca cmov pat pse36 clflush mmx fxsr sse sse2 ht syscall nx mmxext fxsr_opt pdpe1gb rdtscp lm 3dnowext 3dnow constant_tsc rep_good nonstop_tsc extd_apicid pni monitor cx16 popcnt lahf_lm cmp_legacy svm extapic cr8_legacy abm sse4a misalignsse 3dnowprefetch osvw ibs skinit wdt npt lbrv svm_lock nrip_save
bogomips	: 5829.24
TLB size	: 1024 4K pages
clflush size	: 64
cache_alignment	: 64
address sizes	: 48 bits physical, 48 bits virtual
power management: ts ttp tm stc 100mhzsteps hwpstate

processor	: 7
vendor_id	: AuthenticAMD
cpu family	: 16
model		: 4
model name	: Quad-Core AMD Opteron(tm) Processor 2389
stepping	: 2
cpu MHz		: 2914.969
cache size	: 512 KB
physical id	: 1
siblings	: 4
core id		: 3
cpu cores	: 4
apicid		: 7
initial apicid	: 7
fpu		: yes
fpu_exception	: yes
cpuid level	: 5
wp		: yes
flags		: fpu vme de pse tsc msr pae mce cx8 apic sep mtrr pge mca cmov pat pse36 clflush mmx fxsr sse sse2 ht syscall nx mmxext fxsr_opt pdpe1gb rdtscp lm 3dnowext 3dnow constant_tsc rep_good nonstop_tsc extd_apicid pni monitor cx16 popcnt lahf_lm cmp_legacy svm extapic cr8_legacy abm sse4a misalignsse 3dnowprefetch osvw ibs skinit wdt npt lbrv svm_lock nrip_save
bogomips	: 5829.24
TLB size	: 1024 4K pages
clflush size	: 64
cache_alignment	: 64
address sizes	: 48 bits physical, 48 bits virtual
power management: ts ttp tm stc 100mhzsteps hwpstate



Memory: 4k page, physical 2621440k(1208k free), swap 524288k(524288k free)

vm_info: Java HotSpot(TM) 64-Bit Server VM (25.60-b23) for linux-amd64 JRE (1.8.0_60-b27), built on Aug  4 2015 12:19:40 by "java_re" with gcc 4.3.0 20080428 (Red Hat 4.3.0-8)

time: Tue Apr 19 08:31:46 2016
elapsed time: 9 seconds (0d 0h 0m 9s)

